#
# There is insufficient memory for the Java Runtime Environment to continue.
# Native memory allocation (mmap) failed to map 264241152 bytes for committing reserved memory.
# Possible reasons:
#   The system is out of physical RAM or swap space
#   The process is running with CompressedOops enabled, and the Java Heap may be blocking the growth of the native heap
# Possible solutions:
#   Reduce memory load on the system
#   Increase physical memory or swap space
#   Check if swap backing store is full
#   Decrease Java heap size (-Xmx/-Xms)
#   Decrease number of Java threads
#   Decrease Java thread stack sizes (-Xss)
#   Set larger code cache with -XX:ReservedCodeCacheSize=
# This output file may be truncated or incomplete.
#
#  Out of Memory Error (os_linux.cpp:2839), pid=5803, tid=5803
#
# JRE version:  (11.0.5+10) (build )
# Java VM: OpenJDK 64-Bit Server VM (11.0.5+10-post-Ubuntu-0ubuntu1.118.04, mixed mode, aot, sharing, tiered, compressed oops, g1 gc, linux-amd64)
# Core dump will be written. Default location: Core dumps may be processed with "/usr/share/apport/apport %p %s %c %d %P" (or dumping to /home/dsuser06/DataScience/ML/core.5803)
#

---------------  S U M M A R Y ------------

Command Line: -Xmx512m -Xrs vfprintf exit -XX:+UnlockExperimentalVMOptions -XX:+DisablePrimordialThreadGuardPages 

Host: Intel(R) Xeon(R) CPU E5-2630 v4 @ 2.20GHz, 16 cores, 15G, Ubuntu 18.04.3 LTS
Time: Sun Jan 12 20:56:48 2020 IST elapsed time: 0 seconds (0d 0h 0m 0s)

---------------  T H R E A D  ---------------

Current thread (0x0000555eb9cf9000):  JavaThread "Unknown thread" [_thread_in_vm, id=5803, stack(0x00007ffce4a23000,0x00007ffce4b23000)]

Stack: [0x00007ffce4a23000,0x00007ffce4b23000],  sp=0x00007ffce4acdfb0,  free space=683k
Native frames: (J=compiled Java code, A=aot compiled Java code, j=interpreted, Vv=VM code, C=native code)
V  [libjvm.so+0xdec067]
V  [libjvm.so+0xdeccbb]
V  [libjvm.so+0x64fc15]
V  [libjvm.so+0xbc77d8]
V  [libjvm.so+0xbbf0fd]
V  [libjvm.so+0x76d91f]
V  [libjvm.so+0x76db8e]
V  [libjvm.so+0x779c00]
V  [libjvm.so+0x7f4f49]
V  [libjvm.so+0x7f5ba2]
V  [libjvm.so+0x7f6009]
V  [libjvm.so+0x72c0df]
V  [libjvm.so+0x72c7cd]
V  [libjvm.so+0xda6892]
V  [libjvm.so+0xda6b26]
V  [libjvm.so+0x815b47]
V  [libjvm.so+0xd7e2c7]
V  [libjvm.so+0x8cf6c1]  JNI_CreateJavaVM+0x51


---------------  P R O C E S S  ---------------

Threads class SMR info:
_java_thread_list=0x0000555eb9c91770, length=0, elements={
}

Java Threads: ( => current thread )

Other Threads:
  0x0000555eb9839000 GCTaskThread "GC Thread#0" [stack: 0x00007f57f0b31000,0x00007f57f0c31000] [id=5838]
  0x0000555eba7f5000 ConcurrentGCThread "G1 Main Marker" [stack: 0x00007f57d4cc7000,0x00007f57d4dc7000] [id=5839]
  0x0000555ebad76000 ConcurrentGCThread "G1 Conc#0" [stack: 0x00007f57d4036000,0x00007f57d4136000] [id=5840]

[error occurred during error reporting (printing all threads), id 0xb, SIGSEGV (0xb) at pc=0x00007f57ca57c3f0]

VM state:not at safepoint (not fully initialized)

VM Mutex/Monitor currently owned by a thread:  ([mutex/lock_event])
[0x0000555ebb04ebd0] Heap_lock - owner thread: 0x0000555eb9cf9000

Heap address: 0x00000000e0000000, size: 512 MB, Compressed Oops mode: Non-zero based: 0x00000000e0000000
Narrow klass base: 0x0000000000000000, Narrow klass shift: 0

GC Heap History (0 events):
No events

Deoptimization events (0 events):
No events

Classes redefined (0 events):
No events

Internal exceptions (0 events):
No events

Events (0 events):
No events


Dynamic libraries:
efc00000-100000000 ---p 00000000 00:00 0 
555eb1647000-555eb1648000 r-xp 00000000 08:01 22288054                   /usr/lib/R/bin/exec/R
555eb1847000-555eb1848000 r--p 00000000 08:01 22288054                   /usr/lib/R/bin/exec/R
555eb1848000-555eb1849000 rw-p 00001000 08:01 22288054                   /usr/lib/R/bin/exec/R
555eb3780000-555ebf5cc000 rw-p 00000000 00:00 0                          [heap]
7f57a2000000-7f57a4000000 rw-p 00000000 00:00 0 
7f57a4000000-7f57a4021000 rw-p 00000000 00:00 0 
7f57a4021000-7f57a8000000 ---p 00000000 00:00 0 
7f57a8000000-7f57a8021000 rw-p 00000000 00:00 0 
7f57a8021000-7f57ac000000 ---p 00000000 00:00 0 
7f57ac000000-7f57ac021000 rw-p 00000000 00:00 0 
7f57ac021000-7f57b0000000 ---p 00000000 00:00 0 
7f57b0f2d000-7f57b1f2d000 ---p 00000000 00:00 0 
7f57b1f2d000-7f57b219d000 rwxp 00000000 00:00 0 
7f57b219d000-7f57b266c000 ---p 00000000 00:00 0 
7f57b266c000-7f57b28dc000 rwxp 00000000 00:00 0 
7f57b28dc000-7f57b9acc000 ---p 00000000 00:00 0 
7f57b9acc000-7f57b9d3c000 rwxp 00000000 00:00 0 
7f57b9d3c000-7f57c0f2d000 ---p 00000000 00:00 0 
7f57c0f2d000-7f57c95ef000 r--s 00000000 08:01 22287979                   /usr/lib/jvm/java-11-openjdk-amd64/lib/modules
7f57c95ef000-7f57c95f4000 r-xp 00000000 08:01 22287961                   /usr/lib/jvm/java-11-openjdk-amd64/lib/libjimage.so
7f57c95f4000-7f57c97f3000 ---p 00005000 08:01 22287961                   /usr/lib/jvm/java-11-openjdk-amd64/lib/libjimage.so
7f57c97f3000-7f57c97f4000 r--p 00004000 08:01 22287961                   /usr/lib/jvm/java-11-openjdk-amd64/lib/libjimage.so
7f57c97f4000-7f57c97f5000 rw-p 00005000 08:01 22287961                   /usr/lib/jvm/java-11-openjdk-amd64/lib/libjimage.so
7f57c97f5000-7f57c97fc000 r-xp 00000000 08:01 22287978                   /usr/lib/jvm/java-11-openjdk-amd64/lib/libzip.so
7f57c97fc000-7f57c99fb000 ---p 00007000 08:01 22287978                   /usr/lib/jvm/java-11-openjdk-amd64/lib/libzip.so
7f57c99fb000-7f57c99fc000 r--p 00006000 08:01 22287978                   /usr/lib/jvm/java-11-openjdk-amd64/lib/libzip.so
7f57c99fc000-7f57c99fd000 rw-p 00007000 08:01 22287978                   /usr/lib/jvm/java-11-openjdk-amd64/lib/libzip.so
7f57c99fd000-7f57c9a26000 r-xp 00000000 08:01 22287957                   /usr/lib/jvm/java-11-openjdk-amd64/lib/libjava.so
7f57c9a26000-7f57c9c25000 ---p 00029000 08:01 22287957                   /usr/lib/jvm/java-11-openjdk-amd64/lib/libjava.so
7f57c9c25000-7f57c9c26000 r--p 00028000 08:01 22287957                   /usr/lib/jvm/java-11-openjdk-amd64/lib/libjava.so
7f57c9c26000-7f57c9c28000 rw-p 00029000 08:01 22287957                   /usr/lib/jvm/java-11-openjdk-amd64/lib/libjava.so
7f57c9c28000-7f57c9c35000 r-xp 00000000 08:01 22287977                   /usr/lib/jvm/java-11-openjdk-amd64/lib/libverify.so
7f57c9c35000-7f57c9e34000 ---p 0000d000 08:01 22287977                   /usr/lib/jvm/java-11-openjdk-amd64/lib/libverify.so
7f57c9e34000-7f57c9e36000 r--p 0000c000 08:01 22287977                   /usr/lib/jvm/java-11-openjdk-amd64/lib/libverify.so
7f57c9e36000-7f57c9e37000 rw-p 0000e000 08:01 22287977                   /usr/lib/jvm/java-11-openjdk-amd64/lib/libverify.so
7f57c9e37000-7f57caf0b000 r-xp 00000000 08:01 22287982                   /usr/lib/jvm/java-11-openjdk-amd64/lib/server/libjvm.so
7f57caf0b000-7f57cb10b000 ---p 010d4000 08:01 22287982                   /usr/lib/jvm/java-11-openjdk-amd64/lib/server/libjvm.so
7f57cb10b000-7f57cb1c8000 r--p 010d4000 08:01 22287982                   /usr/lib/jvm/java-11-openjdk-amd64/lib/server/libjvm.so
7f57cb1c8000-7f57cb201000 rw-p 01191000 08:01 22287982                   /usr/lib/jvm/java-11-openjdk-amd64/lib/server/libjvm.so
7f57cb201000-7f57cb258000 rw-p 00000000 00:00 0 
7f57cb258000-7f57cb268000 r-xp 00000000 08:01 1837676                    /usr/lib/R/library/rJava/libs/rJava.so
7f57cb268000-7f57cb467000 ---p 00010000 08:01 1837676                    /usr/lib/R/library/rJava/libs/rJava.so
7f57cb467000-7f57cb468000 r--p 0000f000 08:01 1837676                    /usr/lib/R/library/rJava/libs/rJava.so
7f57cb468000-7f57cb469000 rw-p 00010000 08:01 1837676                    /usr/lib/R/library/rJava/libs/rJava.so
7f57cb469000-7f57cb46f000 r-xp 00000000 08:01 1051409                    /usr/lib/R/library/Hmisc/libs/Hmisc.so
7f57cb46f000-7f57cb66e000 ---p 00006000 08:01 1051409                    /usr/lib/R/library/Hmisc/libs/Hmisc.so
7f57cb66e000-7f57cb66f000 r--p 00005000 08:01 1051409                    /usr/lib/R/library/Hmisc/libs/Hmisc.so
7f57cb66f000-7f57cb670000 rw-p 00006000 08:01 1051409                    /usr/lib/R/library/Hmisc/libs/Hmisc.so
7f57cb670000-7f57cb6d0000 r-xp 00000000 08:01 23203171                   /usr/local/lib/R/site-library/data.table/libs/datatable.so
7f57cb6d0000-7f57cb8d0000 ---p 00060000 08:01 23203171                   /usr/local/lib/R/site-library/data.table/libs/datatable.so
7f57cb8d0000-7f57cb8d1000 r--p 00060000 08:01 23203171                   /usr/local/lib/R/site-library/data.table/libs/datatable.so
7f57cb8d1000-7f57cb8d2000 rw-p 00061000 08:01 23203171                   /usr/local/lib/R/site-library/data.table/libs/datatable.so
7f57cb8d2000-7f57cb8d3000 rw-p 00000000 00:00 0 
7f57cb8d3000-7f57cb942000 r-xp 00000000 08:01 23206155                   /usr/local/lib/R/site-library/stringi/libs/stringi.so
7f57cb942000-7f57cbb41000 ---p 0006f000 08:01 23206155                   /usr/local/lib/R/site-library/stringi/libs/stringi.so
7f57cbb41000-7f57cbb43000 r--p 0006e000 08:01 23206155                   /usr/local/lib/R/site-library/stringi/libs/stringi.so
7f57cbb43000-7f57cbb44000 rw-p 00070000 08:01 23206155                   /usr/local/lib/R/site-library/stringi/libs/stringi.so
7f57cbb44000-7f57cbb45000 r-xp 00000000 08:01 23204182                   /usr/local/lib/R/site-library/backports/libs/backports.so
7f57cbb45000-7f57cbd44000 ---p 00001000 08:01 23204182                   /usr/local/lib/R/site-library/backports/libs/backports.so
7f57cbd44000-7f57cbd45000 r--p 00000000 08:01 23204182                   /usr/local/lib/R/site-library/backports/libs/backports.so
7f57cbd45000-7f57cbd46000 rw-p 00001000 08:01 23204182                   /usr/local/lib/R/site-library/backports/libs/backports.so
7f57cbd46000-7f57cbd56000 r-xp 00000000 08:01 921384                     /usr/lib/R/library/checkmate/libs/checkmate.so
7f57cbd56000-7f57cbf55000 ---p 00010000 08:01 921384                     /usr/lib/R/library/checkmate/libs/checkmate.so
7f57cbf55000-7f57cbf56000 r--p 0000f000 08:01 921384                     /usr/lib/R/library/checkmate/libs/checkmate.so
7f57cbf56000-7f57cbf57000 rw-p 00010000 08:01 921384                     /usr/lib/R/library/checkmate/libs/checkmate.so
7f57cbf57000-7f57cbf63000 r-xp 00000000 08:01 23202426                   /usr/lib/R/library/rpart/libs/rpart.so
7f57cbf63000-7f57cc162000 ---p 0000c000 08:01 23202426                   /usr/lib/R/library/rpart/libs/rpart.so
7f57cc162000-7f57cc163000 r--p 0000b000 08:01 23202426                   /usr/lib/R/library/rpart/libs/rpart.so
7f57cc163000-7f57cc164000 rw-p 0000c000 08:01 23202426                   /usr/lib/R/library/rpart/libs/rpart.so
7f57cc164000-7f57cc168000 r-xp 00000000 08:01 23201197                   /usr/lib/R/library/nnet/libs/nnet.so
7f57cc168000-7f57cc367000 ---p 00004000 08:01 23201197                   /usr/lib/R/library/nnet/libs/nnet.so
7f57cc367000-7f57cc368000 r--p 00003000 08:01 23201197                   /usr/lib/R/library/nnet/libs/nnet.so
7f57cc368000-7f57cc369000 rw-p 00004000 08:01 23201197                   /usr/lib/R/library/nnet/libs/nnet.so
7f57cc369000-7f57cc381000 r-xp 00000000 08:01 23072979                   /usr/lib/R/library/foreign/libs/foreign.so
7f57cc381000-7f57cc580000 ---p 00018000 08:01 23072979                   /usr/lib/R/library/foreign/libs/foreign.so
7f57cc580000-7f57cc581000 r--p 00017000 08:01 23072979                   /usr/lib/R/library/foreign/libs/foreign.so
7f57cc581000-7f57cc582000 rw-p 00018000 08:01 23072979                   /usr/lib/R/library/foreign/libs/foreign.so
7f57cc582000-7f57cc592000 r-xp 00000000 08:01 23072847                   /usr/lib/R/library/cluster/libs/cluster.so
7f57cc592000-7f57cc791000 ---p 00010000 08:01 23072847                   /usr/lib/R/library/cluster/libs/cluster.so
7f57cc791000-7f57cc792000 r--p 0000f000 08:01 23072847                   /usr/lib/R/library/cluster/libs/cluster.so
7f57cc792000-7f57cc793000 rw-p 00010000 08:01 23072847                   /usr/lib/R/library/cluster/libs/cluster.so
7f57cc793000-7f57cc79a000 r-xp 00000000 08:01 789684                     /usr/lib/R/library/acepack/libs/acepack.so
7f57cc79a000-7f57cc999000 ---p 00007000 08:01 789684                     /usr/lib/R/library/acepack/libs/acepack.so
7f57cc999000-7f57cc99a000 r--p 00006000 08:01 789684                     /usr/lib/R/library/acepack/libs/acepack.so
7f57cc99a000-7f57cc99b000 rw-p 00007000 08:01 789684                     /usr/lib/R/library/acepack/libs/acepack.so
7f57cc99b000-7f57cc99e000 r-xp 00000000 08:01 25298379                   /usr/local/lib/R/site-library/lazyeval/libs/lazyeval.so
7f57cc99e000-7f57ccb9e000 ---p 00003000 08:01 25298379                   /usr/local/lib/R/site-library/lazyeval/libs/lazyeval.so
7f57ccb9e000-7f57ccb9f000 r--p 00003000 08:01 25298379                   /usr/local/lib/R/site-library/lazyeval/libs/lazyeval.so
7f57ccb9f000-7f57ccba0000 rw-p 00004000 08:01 25298379                   /usr/local/lib/R/site-library/lazyeval/libs/lazyeval.so
7f57ccba0000-7f57ccbb2000 r-xp 00000000 08:01 25428653                   /usr/local/lib/R/site-library/scales/libs/scales.so
7f57ccbb2000-7f57ccdb2000 ---p 00012000 08:01 25428653                   /usr/local/lib/R/site-library/scales/libs/scales.so
7f57ccdb2000-7f57ccdb3000 r--p 00012000 08:01 25428653                   /usr/local/lib/R/site-library/scales/libs/scales.so
7f57ccdb3000-7f57ccdb4000 rw-p 00013000 08:01 25428653                   /usr/local/lib/R/site-library/scales/libs/scales.so
7f57ccdb4000-7f57ccdbf000 r-xp 00000000 08:01 23205239                   /usr/local/lib/R/site-library/colorspace/libs/colorspace.so
7f57ccdbf000-7f57ccfbe000 ---p 0000b000 08:01 23205239                   /usr/local/lib/R/site-library/colorspace/libs/colorspace.so
7f57ccfbe000-7f57ccfbf000 r--p 0000a000 08:01 23205239                   /usr/local/lib/R/site-library/colorspace/libs/colorspace.so
7f57ccfbf000-7f57ccfc0000 rw-p 0000b000 08:01 23205239                   /usr/local/lib/R/site-library/colorspace/libs/colorspace.so
7f57ccfc0000-7f57ccfe7000 r-xp 00000000 08:01 23201961                   /usr/lib/R/library/survival/libs/survival.so
7f57ccfe7000-7f57cd1e7000 ---p 00027000 08:01 23201961                   /usr/lib/R/library/survival/libs/survival.so
7f57cd1e7000-7f57cd1e8000 r--p 00027000 08:01 23201961                   /usr/lib/R/library/survival/libs/survival.so
7f57cd1e8000-7f57cd1e9000 rw-p 00028000 08:01 23201961                   /usr/lib/R/library/survival/libs/survival.so
7f57cd1e9000-7f57cd2a4000 r-xp 00000000 08:01 23073181                   /usr/lib/R/library/Matrix/libs/Matrix.so
7f57cd2a4000-7f57cd4a4000 ---p 000bb000 08:01 23073181                   /usr/lib/R/library/Matrix/libs/Matrix.so
7f57cd4a4000-7f57cd4a5000 r--p 000bb000 08:01 23073181                   /usr/lib/R/library/Matrix/libs/Matrix.so
7f57cd4a5000-7f57cd4a8000 rw-p 000bc000 08:01 23073181                   /usr/lib/R/library/Matrix/libs/Matrix.so
7f57cd4a8000-7f57cd756000 rw-p 00000000 00:00 0 
7f57cd756000-7f57cd759000 r-xp 00000000 08:01 23073083                   /usr/lib/R/library/lattice/libs/lattice.so
7f57cd759000-7f57cd958000 ---p 00003000 08:01 23073083                   /usr/lib/R/library/lattice/libs/lattice.so
7f57cd958000-7f57cd959000 r--p 00002000 08:01 23073083                   /usr/lib/R/library/lattice/libs/lattice.so
7f57cd959000-7f57cd95a000 rw-p 00003000 08:01 23073083                   /usr/lib/R/library/lattice/libs/lattice.so
7f57cd95a000-7f57cd979000 r-xp 00000000 08:01 22809277                   /usr/lib/R/library/grid/libs/grid.so
7f57cd979000-7f57cdb79000 ---p 0001f000 08:01 22809277                   /usr/lib/R/library/grid/libs/grid.so
7f57cdb79000-7f57cdb7a000 r--p 0001f000 08:01 22809277                   /usr/lib/R/library/grid/libs/grid.so
7f57cdb7a000-7f57cdb7b000 rw-p 00020000 08:01 22809277                   /usr/lib/R/library/grid/libs/grid.so
7f57cdb7b000-7f57cdb7d000 r-xp 00000000 08:01 22938611                   /usr/lib/R/library/splines/libs/splines.so
7f57cdb7d000-7f57cdd7c000 ---p 00002000 08:01 22938611                   /usr/lib/R/library/splines/libs/splines.so
7f57cdd7c000-7f57cdd7d000 r--p 00001000 08:01 22938611                   /usr/lib/R/library/splines/libs/splines.so
7f57cdd7d000-7f57cdd7e000 rw-p 00002000 08:01 22938611                   /usr/lib/R/library/splines/libs/splines.so
7f57cdd7e000-7f57cdf58000 r-xp 00000000 08:01 25428954                   /usr/local/lib/R/site-library/dplyr/libs/dplyr.so
7f57cdf58000-7f57ce158000 ---p 001da000 08:01 25428954                   /usr/local/lib/R/site-library/dplyr/libs/dplyr.so
7f57ce158000-7f57ce15d000 r--p 001da000 08:01 25428954                   /usr/local/lib/R/site-library/dplyr/libs/dplyr.so
7f57ce15d000-7f57ce15e000 rw-p 001df000 08:01 25428954                   /usr/local/lib/R/site-library/dplyr/libs/dplyr.so
7f57ce15e000-7f57ce163000 rw-p 00000000 00:00 0 
7f57ce163000-7f57ce178000 r-xp 00000000 08:01 25428731                   /usr/local/lib/R/site-library/tidyselect/libs/tidyselect.so
7f57ce178000-7f57ce377000 ---p 00015000 08:01 25428731                   /usr/local/lib/R/site-library/tidyselect/libs/tidyselect.so
7f57ce377000-7f57ce378000 r--p 00014000 08:01 25428731                   /usr/local/lib/R/site-library/tidyselect/libs/tidyselect.so
7f57ce378000-7f57ce379000 rw-p 00015000 08:01 25428731                   /usr/local/lib/R/site-library/tidyselect/libs/tidyselect.so
7f57ce379000-7f57ce381000 r-xp 00000000 08:01 25428390                   /usr/local/lib/R/site-library/purrr/libs/purrr.so
7f57ce381000-7f57ce580000 ---p 00008000 08:01 25428390                   /usr/local/lib/R/site-library/purrr/libs/purrr.so
7f57ce580000-7f57ce581000 r--p 00007000 08:01 25428390                   /usr/local/lib/R/site-library/purrr/libs/purrr.so
7f57ce581000-7f57ce582000 rw-p 00008000 08:01 25428390                   /usr/local/lib/R/site-library/purrr/libs/purrr.so
7f57ce582000-7f57ce584000 r-xp 00000000 08:01 25428868                   /usr/local/lib/R/site-library/tibble/libs/tibble.so
7f57ce584000-7f57ce784000 ---p 00002000 08:01 25428868                   /usr/local/lib/R/site-library/tibble/libs/tibble.so
7f57ce784000-7f57ce785000 r--p 00002000 08:01 25428868                   /usr/local/lib/R/site-library/tibble/libs/tibble.so
7f57ce785000-7f57ce786000 rw-p 00003000 08:01 25428868                   /usr/local/lib/R/site-library/tibble/libs/tibble.so
7f57ce786000-7f57ce788000 r-xp 00000000 08:01 25428015                   /usr/local/lib/R/site-library/glue/libs/glue.so
7f57ce788000-7f57ce987000 ---p 00002000 08:01 25428015                   /usr/local/lib/R/site-library/glue/libs/glue.so
7f57ce987000-7f57ce988000 r--p 00001000 08:01 25428015                   /usr/local/lib/R/site-library/glue/libs/glue.so
7f57ce988000-7f57ce989000 rw-p 00002000 08:01 25428015                   /usr/local/lib/R/site-library/glue/libs/glue.so
7f57ce989000-7f57ce99c000 r-xp 00000000 08:01 12849802                   /lib/x86_64-linux-gnu/libbsd.so.0.8.7
7f57ce99c000-7f57ceb9b000 ---p 00013000 08:01 12849802                   /lib/x86_64-linux-gnu/libbsd.so.0.8.7
7f57ceb9b000-7f57ceb9c000 r--p 00012000 08:01 12849802                   /lib/x86_64-linux-gnu/libbsd.so.0.8.7
7f57ceb9c000-7f57ceb9d000 rw-p 00013000 08:01 12849802                   /lib/x86_64-linux-gnu/libbsd.so.0.8.7
7f57ceb9d000-7f57ceb9e000 rw-p 00000000 00:00 0 
7f57ceb9e000-7f57cebc9000 r-xp 00000000 08:01 22028215                   /usr/lib/x86_64-linux-gnu/libgraphite2.so.3.0.1
7f57cebc9000-7f57cedc8000 ---p 0002b000 08:01 22028215                   /usr/lib/x86_64-linux-gnu/libgraphite2.so.3.0.1
7f57cedc8000-7f57cedca000 r--p 0002a000 08:01 22028215                   /usr/lib/x86_64-linux-gnu/libgraphite2.so.3.0.1
7f57cedca000-7f57cedcb000 rw-p 0002c000 08:01 22028215                   /usr/lib/x86_64-linux-gnu/libgraphite2.so.3.0.1
7f57cedcb000-7f57cedd0000 r-xp 00000000 08:01 22027749                   /usr/lib/x86_64-linux-gnu/libXdmcp.so.6.0.0
7f57cedd0000-7f57cefcf000 ---p 00005000 08:01 22027749                   /usr/lib/x86_64-linux-gnu/libXdmcp.so.6.0.0
7f57cefcf000-7f57cefd0000 r--p 00004000 08:01 22027749                   /usr/lib/x86_64-linux-gnu/libXdmcp.so.6.0.0
7f57cefd0000-7f57cefd1000 rw-p 00005000 08:01 22027749                   /usr/lib/x86_64-linux-gnu/libXdmcp.so.6.0.0
7f57cefd1000-7f57cefd3000 r-xp 00000000 08:01 22027738                   /usr/lib/x86_64-linux-gnu/libXau.so.6.0.0
7f57cefd3000-7f57cf1d3000 ---p 00002000 08:01 22027738                   /usr/lib/x86_64-linux-gnu/libXau.so.6.0.0
7f57cf1d3000-7f57cf1d4000 r--p 00002000 08:01 22027738                   /usr/lib/x86_64-linux-gnu/libXau.so.6.0.0
7f57cf1d4000-7f57cf1d5000 rw-p 00003000 08:01 22027738                   /usr/lib/x86_64-linux-gnu/libXau.so.6.0.0
7f57cf1d5000-7f57cf1db000 r-xp 00000000 08:01 22027962                   /usr/lib/x86_64-linux-gnu/libdatrie.so.1.3.3
7f57cf1db000-7f57cf3da000 ---p 00006000 08:01 22027962                   /usr/lib/x86_64-linux-gnu/libdatrie.so.1.3.3
7f57cf3da000-7f57cf3db000 r--p 00005000 08:01 22027962                   /usr/lib/x86_64-linux-gnu/libdatrie.so.1.3.3
7f57cf3db000-7f57cf3dc000 rw-p 00006000 08:01 22027962                   /usr/lib/x86_64-linux-gnu/libdatrie.so.1.3.3
7f57cf3dc000-7f57cf478000 r-xp 00000000 08:01 22028293                   /usr/lib/x86_64-linux-gnu/libharfbuzz.so.0.10702.0
7f57cf478000-7f57cf678000 ---p 0009c000 08:01 22028293                   /usr/lib/x86_64-linux-gnu/libharfbuzz.so.0.10702.0
7f57cf678000-7f57cf679000 r--p 0009c000 08:01 22028293                   /usr/lib/x86_64-linux-gnu/libharfbuzz.so.0.10702.0
7f57cf679000-7f57cf67a000 rw-p 0009d000 08:01 22028293                   /usr/lib/x86_64-linux-gnu/libharfbuzz.so.0.10702.0
7f57cf67a000-7f57cf6a9000 r-xp 00000000 08:01 12845249                   /lib/x86_64-linux-gnu/libexpat.so.1.6.7
7f57cf6a9000-7f57cf8a9000 ---p 0002f000 08:01 12845249                   /lib/x86_64-linux-gnu/libexpat.so.1.6.7
7f57cf8a9000-7f57cf8ab000 r--p 0002f000 08:01 12845249                   /lib/x86_64-linux-gnu/libexpat.so.1.6.7
7f57cf8ab000-7f57cf8ac000 rw-p 00031000 08:01 12845249                   /lib/x86_64-linux-gnu/libexpat.so.1.6.7
7f57cf8ac000-7f57cf8bd000 r-xp 00000000 08:01 22027751                   /usr/lib/x86_64-linux-gnu/libXext.so.6.4.0
7f57cf8bd000-7f57cfabc000 ---p 00011000 08:01 22027751                   /usr/lib/x86_64-linux-gnu/libXext.so.6.4.0
7f57cfabc000-7f57cfabd000 r--p 00010000 08:01 22027751                   /usr/lib/x86_64-linux-gnu/libXext.so.6.4.0
7f57cfabd000-7f57cfabe000 rw-p 00011000 08:01 22027751                   /usr/lib/x86_64-linux-gnu/libXext.so.6.4.0
7f57cfabe000-7f57cfbf1000 r-xp 00000000 08:01 22021204                   /usr/lib/x86_64-linux-gnu/libX11.so.6.3.0
7f57cfbf1000-7f57cfdf1000 ---p 00133000 08:01 22021204                   /usr/lib/x86_64-linux-gnu/libX11.so.6.3.0
7f57cfdf1000-7f57cfdf2000 r--p 00133000 08:01 22021204                   /usr/lib/x86_64-linux-gnu/libX11.so.6.3.0
7f57cfdf2000-7f57cfdf6000 rw-p 00134000 08:01 22021204                   /usr/lib/x86_64-linux-gnu/libX11.so.6.3.0
7f57cfdf6000-7f57cfdff000 r-xp 00000000 08:01 22027771                   /usr/lib/x86_64-linux-gnu/libXrender.so.1.3.0
7f57cfdff000-7f57cfffe000 ---p 00009000 08:01 22027771                   /usr/lib/x86_64-linux-gnu/libXrender.so.1.3.0
7f57cfffe000-7f57cffff000 r--p 00008000 08:01 22027771                   /usr/lib/x86_64-linux-gnu/libXrender.so.1.3.0
7f57cffff000-7f57d0000000 rw-p 00009000 08:01 22027771                   /usr/lib/x86_64-linux-gnu/libXrender.so.1.3.0
7f57d0000000-7f57d0065000 rw-p 00000000 00:00 0 
7f57d0065000-7f57d4000000 ---p 00000000 00:00 0 
7f57d4034000-7f57d4035000 ---p 00000000 00:00 0 
7f57d4035000-7f57d4136000 rw-p 00000000 00:00 0 
7f57d4136000-7f57d4142000 r-xp 00000000 08:01 22028543                   /usr/lib/x86_64-linux-gnu/libxcb-render.so.0.0.0
7f57d4142000-7f57d4341000 ---p 0000c000 08:01 22028543                   /usr/lib/x86_64-linux-gnu/libxcb-render.so.0.0.0
7f57d4341000-7f57d4342000 r--p 0000b000 08:01 22028543                   /usr/lib/x86_64-linux-gnu/libxcb-render.so.0.0.0
7f57d4342000-7f57d4343000 rw-p 0000c000 08:01 22028543                   /usr/lib/x86_64-linux-gnu/libxcb-render.so.0.0.0
7f57d4343000-7f57d4369000 r-xp 00000000 08:01 22020963                   /usr/lib/x86_64-linux-gnu/libxcb.so.1.1.0
7f57d4369000-7f57d4569000 ---p 00026000 08:01 22020963                   /usr/lib/x86_64-linux-gnu/libxcb.so.1.1.0
7f57d4569000-7f57d456a000 r--p 00026000 08:01 22020963                   /usr/lib/x86_64-linux-gnu/libxcb.so.1.1.0
7f57d456a000-7f57d456b000 rw-p 00027000 08:01 22020963                   /usr/lib/x86_64-linux-gnu/libxcb.so.1.1.0
7f57d456b000-7f57d456d000 r-xp 00000000 08:01 22028884                   /usr/lib/x86_64-linux-gnu/libxcb-shm.so.0.0.0
7f57d456d000-7f57d476c000 ---p 00002000 08:01 22028884                   /usr/lib/x86_64-linux-gnu/libxcb-shm.so.0.0.0
7f57d476c000-7f57d476d000 r--p 00001000 08:01 22028884                   /usr/lib/x86_64-linux-gnu/libxcb-shm.so.0.0.0
7f57d476d000-7f57d476e000 rw-p 00002000 08:01 22028884                   /usr/lib/x86_64-linux-gnu/libxcb-shm.so.0.0.0
7f57d476e000-7f57d480b000 r-xp 00000000 08:01 22028576                   /usr/lib/x86_64-linux-gnu/libpixman-1.so.0.34.0
7f57d480b000-7f57d4a0a000 ---p 0009d000 08:01 22028576                   /usr/lib/x86_64-linux-gnu/libpixman-1.so.0.34.0
7f57d4a0a000-7f57d4a12000 r--p 0009c000 08:01 22028576                   /usr/lib/x86_64-linux-gnu/libpixman-1.so.0.34.0
7f57d4a12000-7f57d4a13000 rw-p 000a4000 08:01 22028576                   /usr/lib/x86_64-linux-gnu/libpixman-1.so.0.34.0
7f57d4a13000-7f57d4a1f000 r-xp 00000000 08:01 22940210                   /usr/lib/R/library/utils/libs/utils.so
7f57d4a1f000-7f57d4c1e000 ---p 0000c000 08:01 22940210                   /usr/lib/R/library/utils/libs/utils.so
7f57d4c1e000-7f57d4c1f000 r--p 0000b000 08:01 22940210                   /usr/lib/R/library/utils/libs/utils.so
7f57d4c1f000-7f57d4c20000 rw-p 0000c000 08:01 22940210                   /usr/lib/R/library/utils/libs/utils.so
7f57d4c20000-7f57d4c21000 rw-p 00000000 00:00 0 
7f57d4cc5000-7f57d4cc6000 ---p 00000000 00:00 0 
7f57d4cc6000-7f57d4dc7000 rw-p 00000000 00:00 0 
7f57d4dc7000-7f57d4dce000 r-xp 00000000 08:01 22028076                   /usr/lib/x86_64-linux-gnu/libffi.so.6.0.4
7f57d4dce000-7f57d4fcd000 ---p 00007000 08:01 22028076                   /usr/lib/x86_64-linux-gnu/libffi.so.6.0.4
7f57d4fcd000-7f57d4fce000 r--p 00006000 08:01 22028076                   /usr/lib/x86_64-linux-gnu/libffi.so.6.0.4
7f57d4fce000-7f57d4fcf000 rw-p 00007000 08:01 22028076                   /usr/lib/x86_64-linux-gnu/libffi.so.6.0.4
7f57d4fcf000-7f57d50b1000 rw-p 00000000 00:00 0 
7f57d517d000-7f57d52bd000 rw-p 00000000 00:00 0 
7f57d52bd000-7f57d52c5000 r-xp 00000000 08:01 22938257                   /usr/lib/R/library/methods/libs/methods.so
7f57d52c5000-7f57d54c5000 ---p 00008000 08:01 22938257                   /usr/lib/R/library/methods/libs/methods.so
7f57d54c5000-7f57d54c6000 r--p 00008000 08:01 22938257                   /usr/lib/R/library/methods/libs/methods.so
7f57d54c6000-7f57d54c7000 rw-p 00009000 08:01 22938257                   /usr/lib/R/library/methods/libs/methods.so
7f57d54f6000-7f57d55f2000 rw-p 00000000 00:00 0 
7f57d55f2000-7f57d75f2000 rw-p 00000000 00:00 0 
7f57d75f2000-7f57db5f2000 rw-p 00000000 00:00 0 
7f57db5f2000-7f57db900000 rw-p 00000000 00:00 0 
7f57db900000-7f57dc2cf000 r--p 00000000 08:01 22026757                   /usr/lib/locale/locale-archive
7f57dc2cf000-7f57de2cf000 rw-p 00000000 00:00 0 
7f57de2cf000-7f57de2d0000 ---p 00000000 00:00 0 
7f57de2d0000-7f57dead0000 rw-p 00000000 00:00 0 
7f57dead0000-7f57dead1000 ---p 00000000 00:00 0 
7f57dead1000-7f57df2d1000 rw-p 00000000 00:00 0 
7f57df2d1000-7f57df2d2000 ---p 00000000 00:00 0 
7f57df2d2000-7f57dfad2000 rw-p 00000000 00:00 0 
7f57dfad2000-7f57e1ad2000 rw-p 00000000 00:00 0 
7f57e1ad2000-7f57e1ad3000 ---p 00000000 00:00 0 
7f57e1ad3000-7f57e22d3000 rw-p 00000000 00:00 0 
7f57e22d3000-7f57e42d3000 rw-p 00000000 00:00 0 
7f57e4301000-7f57e4401000 ---p 00000000 00:00 0 
7f57e4401000-7f57e4409000 r-xp 00000000 08:01 22028751                   /usr/lib/x86_64-linux-gnu/libthai.so.0.3.0
7f57e4409000-7f57e4608000 ---p 00008000 08:01 22028751                   /usr/lib/x86_64-linux-gnu/libthai.so.0.3.0
7f57e4608000-7f57e4609000 r--p 00007000 08:01 22028751                   /usr/lib/x86_64-linux-gnu/libthai.so.0.3.0
7f57e4609000-7f57e460a000 rw-p 00008000 08:01 22028751                   /usr/lib/x86_64-linux-gnu/libthai.so.0.3.0
7f57e460a000-7f57e46b7000 r-xp 00000000 08:01 22028106                   /usr/lib/x86_64-linux-gnu/libfreetype.so.6.15.0
7f57e46b7000-7f57e48b6000 ---p 000ad000 08:01 22028106                   /usr/lib/x86_64-linux-gnu/libfreetype.so.6.15.0
7f57e48b6000-7f57e48bd000 r--p 000ac000 08:01 22028106                   /usr/lib/x86_64-linux-gnu/libfreetype.so.6.15.0
7f57e48bd000-7f57e48be000 rw-p 000b3000 08:01 22028106                   /usr/lib/x86_64-linux-gnu/libfreetype.so.6.15.0
7f57e48be000-7f57e48d2000 r-xp 00000000 08:01 22027884                   /usr/lib/x86_64-linux-gnu/libpangoft2-1.0.so.0.4000.14
7f57e48d2000-7f57e4ad2000 ---p 00014000 08:01 22027884                   /usr/lib/x86_64-linux-gnu/libpangoft2-1.0.so.0.4000.14
7f57e4ad2000-7f57e4ad3000 r--p 00014000 08:01 22027884                   /usr/lib/x86_64-linux-gnu/libpangoft2-1.0.so.0.4000.14
7f57e4ad3000-7f57e4ad4000 rw-p 00015000 08:01 22027884                   /usr/lib/x86_64-linux-gnu/libpangoft2-1.0.so.0.4000.14
7f57e4ad4000-7f57e6ad4000 rw-p 00000000 00:00 0 
7f57e6b6b000-7f57e6ba9000 r-xp 00000000 08:01 22028090                   /usr/lib/x86_64-linux-gnu/libfontconfig.so.1.10.1
7f57e6ba9000-7f57e6da9000 ---p 0003e000 08:01 22028090                   /usr/lib/x86_64-linux-gnu/libfontconfig.so.1.10.1
7f57e6da9000-7f57e6dab000 r--p 0003e000 08:01 22028090                   /usr/lib/x86_64-linux-gnu/libfontconfig.so.1.10.1
7f57e6dab000-7f57e6db0000 rw-p 00040000 08:01 22028090                   /usr/lib/x86_64-linux-gnu/libfontconfig.so.1.10.1
7f57e6db0000-7f57e6ec4000 r-xp 00000000 08:01 22020437                   /usr/lib/x86_64-linux-gnu/libglib-2.0.so.0.5600.4
7f57e6ec4000-7f57e70c4000 ---p 00114000 08:01 22020437                   /usr/lib/x86_64-linux-gnu/libglib-2.0.so.0.5600.4
7f57e70c4000-7f57e70c5000 r--p 00114000 08:01 22020437                   /usr/lib/x86_64-linux-gnu/libglib-2.0.so.0.5600.4
7f57e70c5000-7f57e70c6000 rw-p 00115000 08:01 22020437                   /usr/lib/x86_64-linux-gnu/libglib-2.0.so.0.5600.4
7f57e70c6000-7f57e70c7000 rw-p 00000000 00:00 0 
7f57e70c7000-7f57e70d2000 r-xp 00000000 08:01 22028386                   /usr/lib/x86_64-linux-gnu/libjbig.so.0
7f57e70d2000-7f57e72d1000 ---p 0000b000 08:01 22028386                   /usr/lib/x86_64-linux-gnu/libjbig.so.0
7f57e72d1000-7f57e72d2000 r--p 0000a000 08:01 22028386                   /usr/lib/x86_64-linux-gnu/libjbig.so.0
7f57e72d2000-7f57e72d5000 rw-p 0000b000 08:01 22028386                   /usr/lib/x86_64-linux-gnu/libjbig.so.0
7f57e72d5000-7f57e92d5000 rw-p 00000000 00:00 0 
7f57e9318000-7f57e9430000 r-xp 00000000 08:01 22028890                   /usr/lib/x86_64-linux-gnu/libcairo.so.2.11510.0
7f57e9430000-7f57e962f000 ---p 00118000 08:01 22028890                   /usr/lib/x86_64-linux-gnu/libcairo.so.2.11510.0
7f57e962f000-7f57e9632000 r--p 00117000 08:01 22028890                   /usr/lib/x86_64-linux-gnu/libcairo.so.2.11510.0
7f57e9632000-7f57e9634000 rw-p 0011a000 08:01 22028890                   /usr/lib/x86_64-linux-gnu/libcairo.so.2.11510.0
7f57e9634000-7f57e9635000 rw-p 00000000 00:00 0 
7f57e9635000-7f57e9687000 r-xp 00000000 08:01 22020461                   /usr/lib/x86_64-linux-gnu/libgobject-2.0.so.0.5600.4
7f57e9687000-7f57e9887000 ---p 00052000 08:01 22020461                   /usr/lib/x86_64-linux-gnu/libgobject-2.0.so.0.5600.4
7f57e9887000-7f57e9888000 r--p 00052000 08:01 22020461                   /usr/lib/x86_64-linux-gnu/libgobject-2.0.so.0.5600.4
7f57e9888000-7f57e9889000 rw-p 00053000 08:01 22020461                   /usr/lib/x86_64-linux-gnu/libgobject-2.0.so.0.5600.4
7f57e9889000-7f57e98d3000 r-xp 00000000 08:01 22030881                   /usr/lib/x86_64-linux-gnu/libpango-1.0.so.0.4000.14
7f57e98d3000-7f57e9ad2000 ---p 0004a000 08:01 22030881                   /usr/lib/x86_64-linux-gnu/libpango-1.0.so.0.4000.14
7f57e9ad2000-7f57e9ad5000 r--p 00049000 08:01 22030881                   /usr/lib/x86_64-linux-gnu/libpango-1.0.so.0.4000.14
7f57e9ad5000-7f57e9ad6000 rw-p 0004c000 08:01 22030881                   /usr/lib/x86_64-linux-gnu/libpango-1.0.so.0.4000.14
7f57e9ad6000-7f57ebad6000 rw-p 00000000 00:00 0 
7f57ebb30000-7f57ebc30000 ---p 00000000 00:00 0 
7f57ebc30000-7f57ebc3c000 r-xp 00000000 08:01 22028547                   /usr/lib/x86_64-linux-gnu/libpangocairo-1.0.so.0.4000.14
7f57ebc3c000-7f57ebe3b000 ---p 0000c000 08:01 22028547                   /usr/lib/x86_64-linux-gnu/libpangocairo-1.0.so.0.4000.14
7f57ebe3b000-7f57ebe3c000 r--p 0000b000 08:01 22028547                   /usr/lib/x86_64-linux-gnu/libpangocairo-1.0.so.0.4000.14
7f57ebe3c000-7f57ebe3d000 rw-p 0000c000 08:01 22028547                   /usr/lib/x86_64-linux-gnu/libpangocairo-1.0.so.0.4000.14
7f57ebe3d000-7f57ebe6e000 r-xp 00000000 08:01 22023387                   /usr/lib/x86_64-linux-gnu/libpng16.so.16.34.0
7f57ebe6e000-7f57ec06d000 ---p 00031000 08:01 22023387                   /usr/lib/x86_64-linux-gnu/libpng16.so.16.34.0
7f57ec06d000-7f57ec06e000 r--p 00030000 08:01 22023387                   /usr/lib/x86_64-linux-gnu/libpng16.so.16.34.0
7f57ec06e000-7f57ec06f000 rw-p 00031000 08:01 22023387                   /usr/lib/x86_64-linux-gnu/libpng16.so.16.34.0
7f57ec06f000-7f57ec0d6000 r-xp 00000000 08:01 22023009                   /usr/lib/x86_64-linux-gnu/libjpeg.so.8.1.2
7f57ec0d6000-7f57ec2d5000 ---p 00067000 08:01 22023009                   /usr/lib/x86_64-linux-gnu/libjpeg.so.8.1.2
7f57ec2d5000-7f57ec2d6000 r--p 00066000 08:01 22023009                   /usr/lib/x86_64-linux-gnu/libjpeg.so.8.1.2
7f57ec2d6000-7f57ec2d7000 rw-p 00067000 08:01 22023009                   /usr/lib/x86_64-linux-gnu/libjpeg.so.8.1.2
7f57ec2d7000-7f57ee2d7000 rw-p 00000000 00:00 0 
7f57ee2ef000-7f57ee3ef000 ---p 00000000 00:00 0 
7f57ee3ef000-7f57ee462000 r-xp 00000000 08:01 22022060                   /usr/lib/x86_64-linux-gnu/libtiff.so.5.3.0
7f57ee462000-7f57ee661000 ---p 00073000 08:01 22022060                   /usr/lib/x86_64-linux-gnu/libtiff.so.5.3.0
7f57ee661000-7f57ee665000 r--p 00072000 08:01 22022060                   /usr/lib/x86_64-linux-gnu/libtiff.so.5.3.0
7f57ee665000-7f57ee666000 rw-p 00076000 08:01 22022060                   /usr/lib/x86_64-linux-gnu/libtiff.so.5.3.0
7f57ee666000-7f57ee66f000 r-xp 00000000 08:01 22809168                   /usr/lib/R/library/grDevices/libs/cairo.so
7f57ee66f000-7f57ee86e000 ---p 00009000 08:01 22809168                   /usr/lib/R/library/grDevices/libs/cairo.so
7f57ee86e000-7f57ee86f000 r--p 00008000 08:01 22809168                   /usr/lib/R/library/grDevices/libs/cairo.so
7f57ee86f000-7f57ee870000 rw-p 00009000 08:01 22809168                   /usr/lib/R/library/grDevices/libs/cairo.so
7f57ee870000-7f57ee876000 r-xp 00000000 08:01 2885346                    /usr/lib/R/library/pbdZMQ/libs/pbdZMQ.so
7f57ee876000-7f57eea75000 ---p 00006000 08:01 2885346                    /usr/lib/R/library/pbdZMQ/libs/pbdZMQ.so
7f57eea75000-7f57eea76000 r--p 00005000 08:01 2885346                    /usr/lib/R/library/pbdZMQ/libs/pbdZMQ.so
7f57eea76000-7f57eea77000 rw-p 00006000 08:01 2885346                    /usr/lib/R/library/pbdZMQ/libs/pbdZMQ.so
7f57eea77000-7f57eead8000 rw-p 00000000 00:00 0 
7f57eead8000-7f57f0ad8000 rw-p 00000000 00:00 0 
7f57f0b2f000-7f57f0b30000 ---p 00000000 00:00 0 
7f57f0b30000-7f57f0c31000 rw-p 00000000 00:00 0 
7f57f0c31000-7f57f0ca7000 r-xp 00000000 08:01 2885347                    /usr/lib/R/library/pbdZMQ/libs/libzmq.so
7f57f0ca7000-7f57f0ea7000 ---p 00076000 08:01 2885347                    /usr/lib/R/library/pbdZMQ/libs/libzmq.so
7f57f0ea7000-7f57f0eac000 r--p 00076000 08:01 2885347                    /usr/lib/R/library/pbdZMQ/libs/libzmq.so
7f57f0eac000-7f57f0ead000 rw-p 0007b000 08:01 2885347                    /usr/lib/R/library/pbdZMQ/libs/libzmq.so
7f57f0ead000-7f57f0eb8000 r-xp 00000000 08:01 12849896                   /lib/x86_64-linux-gnu/libnss_files-2.27.so
7f57f0eb8000-7f57f10b7000 ---p 0000b000 08:01 12849896                   /lib/x86_64-linux-gnu/libnss_files-2.27.so
7f57f10b7000-7f57f10b8000 r--p 0000a000 08:01 12849896                   /lib/x86_64-linux-gnu/libnss_files-2.27.so
7f57f10b8000-7f57f10b9000 rw-p 0000b000 08:01 12849896                   /lib/x86_64-linux-gnu/libnss_files-2.27.so
7f57f10b9000-7f57f10bf000 rw-p 00000000 00:00 0 
7f57f10bf000-7f57f10d6000 r-xp 00000000 08:01 12849890                   /lib/x86_64-linux-gnu/libnsl-2.27.so
7f57f10d6000-7f57f12d5000 ---p 00017000 08:01 12849890                   /lib/x86_64-linux-gnu/libnsl-2.27.so
7f57f12d5000-7f57f12d6000 r--p 00016000 08:01 12849890                   /lib/x86_64-linux-gnu/libnsl-2.27.so
7f57f12d6000-7f57f12d7000 rw-p 00017000 08:01 12849890                   /lib/x86_64-linux-gnu/libnsl-2.27.so
7f57f12d7000-7f57f12d9000 rw-p 00000000 00:00 0 
7f57f12d9000-7f57f32d9000 rw-p 00000000 00:00 0 
7f57f33c4000-7f57f33c9000 rw-p 00000000 00:00 0 
7f57f33c9000-7f57f34ad000 ---p 00000000 00:00 0 
7f57f34ad000-7f57f34b8000 r-xp 00000000 08:01 12849907                   /lib/x86_64-linux-gnu/libnss_nis-2.27.so
7f57f34b8000-7f57f36b7000 ---p 0000b000 08:01 12849907                   /lib/x86_64-linux-gnu/libnss_nis-2.27.so
7f57f36b7000-7f57f36b8000 r--p 0000a000 08:01 12849907                   /lib/x86_64-linux-gnu/libnss_nis-2.27.so
7f57f36b8000-7f57f36b9000 rw-p 0000b000 08:01 12849907                   /lib/x86_64-linux-gnu/libnss_nis-2.27.so
7f57f36b9000-7f57f36c1000 r-xp 00000000 08:01 12849892                   /lib/x86_64-linux-gnu/libnss_compat-2.27.so
7f57f36c1000-7f57f38c1000 ---p 00008000 08:01 12849892                   /lib/x86_64-linux-gnu/libnss_compat-2.27.so
7f57f38c1000-7f57f38c2000 r--p 00008000 08:01 12849892                   /lib/x86_64-linux-gnu/libnss_compat-2.27.so
7f57f38c2000-7f57f38c3000 rw-p 00009000 08:01 12849892                   /lib/x86_64-linux-gnu/libnss_compat-2.27.so
7f57f38c3000-7f57f38d8000 r-xp 00000000 08:01 22939767                   /usr/lib/R/library/tools/libs/tools.so
7f57f38d8000-7f57f3ad8000 ---p 00015000 08:01 22939767                   /usr/lib/R/library/tools/libs/tools.so
7f57f3ad8000-7f57f3ad9000 r--p 00015000 08:01 22939767                   /usr/lib/R/library/tools/libs/tools.so
7f57f3ad9000-7f57f3ada000 rw-p 00016000 08:01 22939767                   /usr/lib/R/library/tools/libs/tools.so
7f57f3ada000-7f57f5ada000 rw-p 00000000 00:00 0 
7f57f5b24000-7f57f5b29000 rw-p 00000000 00:00 0 
7f57f5b29000-7f57f5c0d000 ---p 00000000 00:00 0 
7f57f5c0d000-7f57f5c2b000 r-xp 00000000 08:01 25298415                   /usr/local/lib/R/site-library/rlang/libs/rlang.so
7f57f5c2b000-7f57f5e2a000 ---p 0001e000 08:01 25298415                   /usr/local/lib/R/site-library/rlang/libs/rlang.so
7f57f5e2a000-7f57f5e2c000 r--p 0001d000 08:01 25298415                   /usr/local/lib/R/site-library/rlang/libs/rlang.so
7f57f5e2c000-7f57f5e2d000 rw-p 0001f000 08:01 25298415                   /usr/local/lib/R/site-library/rlang/libs/rlang.so
7f57f5e2d000-7f57f5e3b000 r-xp 00000000 08:01 787458                     /usr/lib/R/library/jsonlite/libs/jsonlite.so
7f57f5e3b000-7f57f603b000 ---p 0000e000 08:01 787458                     /usr/lib/R/library/jsonlite/libs/jsonlite.so
7f57f603b000-7f57f603c000 r--p 0000e000 08:01 787458                     /usr/lib/R/library/jsonlite/libs/jsonlite.so
7f57f603c000-7f57f603d000 rw-p 0000f000 08:01 787458                     /usr/lib/R/library/jsonlite/libs/jsonlite.so
7f57f603d000-7f57f604c000 r-xp 00000000 08:01 787285                     /usr/lib/R/library/htmltools/libs/htmltools.so
7f57f604c000-7f57f624b000 ---p 0000f000 08:01 787285                     /usr/lib/R/library/htmltools/libs/htmltools.so
7f57f624b000-7f57f624c000 r--p 0000e000 08:01 787285                     /usr/lib/R/library/htmltools/libs/htmltools.so
7f57f624c000-7f57f624d000 rw-p 0000f000 08:01 787285                     /usr/lib/R/library/htmltools/libs/htmltools.so
7f57f624d000-7f57f62a8000 r-xp 00000000 08:01 25298538                   /usr/local/lib/R/site-library/Rcpp/libs/Rcpp.so
7f57f62a8000-7f57f64a8000 ---p 0005b000 08:01 25298538                   /usr/local/lib/R/site-library/Rcpp/libs/Rcpp.so
7f57f64a8000-7f57f64a9000 r--p 0005b000 08:01 25298538                   /usr/local/lib/R/site-library/Rcpp/libs/Rcpp.so
7f57f64a9000-7f57f64aa000 rw-p 0005c000 08:01 25298538                   /usr/local/lib/R/site-library/Rcpp/libs/Rcpp.so
7f57f64aa000-7f57f64b2000 rw-p 00000000 00:00 0 
7f57f64b2000-7f57f64b5000 r-xp 00000000 08:01 921563                     /usr/lib/R/library/base64enc/libs/base64enc.so
7f57f64b5000-7f57f66b4000 ---p 00003000 08:01 921563                     /usr/lib/R/library/base64enc/libs/base64enc.so
7f57f66b4000-7f57f66b5000 r--p 00002000 08:01 921563                     /usr/lib/R/library/base64enc/libs/base64enc.so
7f57f66b5000-7f57f66b6000 rw-p 00003000 08:01 921563                     /usr/lib/R/library/base64enc/libs/base64enc.so
7f57f66b6000-7f57f66b8000 rw-p 00000000 00:00 0 
7f57f66b8000-7f57f66bb000 r-xp 00000000 08:01 2885417                    /usr/lib/R/library/uuid/libs/uuid.so
7f57f66bb000-7f57f68ba000 ---p 00003000 08:01 2885417                    /usr/lib/R/library/uuid/libs/uuid.so
7f57f68ba000-7f57f68bb000 r--p 00002000 08:01 2885417                    /usr/lib/R/library/uuid/libs/uuid.so
7f57f68bb000-7f57f68bc000 rw-p 00003000 08:01 2885417                    /usr/lib/R/library/uuid/libs/uuid.so
7f57f68bc000-7f57f68d9000 r-xp 00000000 08:01 25298299                   /usr/local/lib/R/site-library/digest/libs/digest.so
7f57f68d9000-7f57f6ad8000 ---p 0001d000 08:01 25298299                   /usr/local/lib/R/site-library/digest/libs/digest.so
7f57f6ad8000-7f57f6ad9000 r--p 0001c000 08:01 25298299                   /usr/local/lib/R/site-library/digest/libs/digest.so
7f57f6ad9000-7f57f6ada000 rw-p 0001d000 08:01 25298299                   /usr/local/lib/R/site-library/digest/libs/digest.so
7f57f6ada000-7f57f6adc000 rw-p 00000000 00:00 0 
7f57f6adc000-7f57faadc000 rw-p 00000000 00:00 0 
7f57fab27000-7f57fb1ab000 r-xp 00000000 08:01 22152790                   /usr/lib/x86_64-linux-gnu/openblas/liblapack.so.3
7f57fb1ab000-7f57fb3aa000 ---p 00684000 08:01 22152790                   /usr/lib/x86_64-linux-gnu/openblas/liblapack.so.3
7f57fb3aa000-7f57fb3ab000 r--p 00683000 08:01 22152790                   /usr/lib/x86_64-linux-gnu/openblas/liblapack.so.3
7f57fb3ab000-7f57fb3ad000 rw-p 00684000 08:01 22152790                   /usr/lib/x86_64-linux-gnu/openblas/liblapack.so.3
7f57fb3ad000-7f57fb450000 r-xp 00000000 08:01 22939005                   /usr/lib/R/library/stats/libs/stats.so
7f57fb450000-7f57fb650000 ---p 000a3000 08:01 22939005                   /usr/lib/R/library/stats/libs/stats.so
7f57fb650000-7f57fb652000 r--p 000a3000 08:01 22939005                   /usr/lib/R/library/stats/libs/stats.so
7f57fb652000-7f57fb653000 rw-p 000a5000 08:01 22939005                   /usr/lib/R/library/stats/libs/stats.so
7f57fb653000-7f57fb654000 rw-p 00000000 00:00 0 
7f57fb654000-7f57fb69e000 r-xp 00000000 08:01 22809209                   /usr/lib/R/library/graphics/libs/graphics.so
7f57fb69e000-7f57fb89e000 ---p 0004a000 08:01 22809209                   /usr/lib/R/library/graphics/libs/graphics.so
7f57fb89e000-7f57fb89f000 r--p 0004a000 08:01 22809209                   /usr/lib/R/library/graphics/libs/graphics.so
7f57fb89f000-7f57fb8a0000 rw-p 0004b000 08:01 22809209                   /usr/lib/R/library/graphics/libs/graphics.so
7f57fb8a0000-7f57fb8d7000 r-xp 00000000 08:01 22809169                   /usr/lib/R/library/grDevices/libs/grDevices.so
7f57fb8d7000-7f57fbad6000 ---p 00037000 08:01 22809169                   /usr/lib/R/library/grDevices/libs/grDevices.so
7f57fbad6000-7f57fbadb000 r--p 00036000 08:01 22809169                   /usr/lib/R/library/grDevices/libs/grDevices.so
7f57fbadb000-7f57fbadd000 rw-p 0003b000 08:01 22809169                   /usr/lib/R/library/grDevices/libs/grDevices.so
7f57fbadd000-7f57fbade000 rw-p 00000000 00:00 0 
7f57fbade000-7f57fbb1d000 r-xp 00000000 08:01 22024871                   /usr/lib/x86_64-linux-gnu/libquadmath.so.0.0.0
7f57fbb1d000-7f57fbd1c000 ---p 0003f000 08:01 22024871                   /usr/lib/x86_64-linux-gnu/libquadmath.so.0.0.0
7f57fbd1c000-7f57fbd1d000 r--p 0003e000 08:01 22024871                   /usr/lib/x86_64-linux-gnu/libquadmath.so.0.0.0
7f57fbd1d000-7f57fbd1e000 rw-p 0003f000 08:01 22024871                   /usr/lib/x86_64-linux-gnu/libquadmath.so.0.0.0
7f57fbd1e000-7f57fbefa000 r-xp 00000000 08:01 22034262                   /usr/lib/x86_64-linux-gnu/libgfortran.so.4.0.0
7f57fbefa000-7f57fc0fa000 ---p 001dc000 08:01 22034262                   /usr/lib/x86_64-linux-gnu/libgfortran.so.4.0.0
7f57fc0fa000-7f57fc0fb000 r--p 001dc000 08:01 22034262                   /usr/lib/x86_64-linux-gnu/libgfortran.so.4.0.0
7f57fc0fb000-7f57fc0fc000 rw-p 001dd000 08:01 22034262                   /usr/lib/x86_64-linux-gnu/libgfortran.so.4.0.0
7f57fc0fc000-7f57fc0fd000 rw-p 00000000 00:00 0 
7f57fc0fd000-7f57fc114000 r-xp 00000000 08:01 12845062                   /lib/x86_64-linux-gnu/libgcc_s.so.1
7f57fc114000-7f57fc313000 ---p 00017000 08:01 12845062                   /lib/x86_64-linux-gnu/libgcc_s.so.1
7f57fc313000-7f57fc314000 r--p 00016000 08:01 12845062                   /lib/x86_64-linux-gnu/libgcc_s.so.1
7f57fc314000-7f57fc315000 rw-p 00017000 08:01 12845062                   /lib/x86_64-linux-gnu/libgcc_s.so.1
7f57fc315000-7f57fc48e000 r-xp 00000000 08:01 22022767                   /usr/lib/x86_64-linux-gnu/libstdc++.so.6.0.25
7f57fc48e000-7f57fc68e000 ---p 00179000 08:01 22022767                   /usr/lib/x86_64-linux-gnu/libstdc++.so.6.0.25
7f57fc68e000-7f57fc698000 r--p 00179000 08:01 22022767                   /usr/lib/x86_64-linux-gnu/libstdc++.so.6.0.25
7f57fc698000-7f57fc69a000 rw-p 00183000 08:01 22022767                   /usr/lib/x86_64-linux-gnu/libstdc++.so.6.0.25
7f57fc69a000-7f57fc69e000 rw-p 00000000 00:00 0 
7f57fc69e000-7f57fe046000 r-xp 00000000 08:01 22028331                   /usr/lib/x86_64-linux-gnu/libicudata.so.60.2
7f57fe046000-7f57fe245000 ---p 019a8000 08:01 22028331                   /usr/lib/x86_64-linux-gnu/libicudata.so.60.2
7f57fe245000-7f57fe246000 r--p 019a7000 08:01 22028331                   /usr/lib/x86_64-linux-gnu/libicudata.so.60.2
7f57fe246000-7f57fe247000 rw-p 019a8000 08:01 22028331                   /usr/lib/x86_64-linux-gnu/libicudata.so.60.2
7f57fe247000-7f57fe26c000 r-xp 00000000 08:01 12849964                   /lib/x86_64-linux-gnu/libtinfo.so.5.9
7f57fe26c000-7f57fe46c000 ---p 00025000 08:01 12849964                   /lib/x86_64-linux-gnu/libtinfo.so.5.9
7f57fe46c000-7f57fe470000 r--p 00025000 08:01 12849964                   /lib/x86_64-linux-gnu/libtinfo.so.5.9
7f57fe470000-7f57fe471000 rw-p 00029000 08:01 12849964                   /lib/x86_64-linux-gnu/libtinfo.so.5.9
7f57fe471000-7f58004e6000 r-xp 00000000 08:01 22034358                   /usr/lib/x86_64-linux-gnu/libopenblasp-r0.2.20.so
7f58004e6000-7f58006e5000 ---p 02075000 08:01 22034358                   /usr/lib/x86_64-linux-gnu/libopenblasp-r0.2.20.so
7f58006e5000-7f58006eb000 r--p 02074000 08:01 22034358                   /usr/lib/x86_64-linux-gnu/libopenblasp-r0.2.20.so
7f58006eb000-7f58006fe000 rw-p 0207a000 08:01 22034358                   /usr/lib/x86_64-linux-gnu/libopenblasp-r0.2.20.so
7f58006fe000-7f5800717000 rw-p 00000000 00:00 0 
7f5800717000-7f5800731000 r-xp 00000000 08:01 12849939                   /lib/x86_64-linux-gnu/libpthread-2.27.so
7f5800731000-7f5800930000 ---p 0001a000 08:01 12849939                   /lib/x86_64-linux-gnu/libpthread-2.27.so
7f5800930000-7f5800931000 r--p 00019000 08:01 12849939                   /lib/x86_64-linux-gnu/libpthread-2.27.so
7f5800931000-7f5800932000 rw-p 0001a000 08:01 12849939                   /lib/x86_64-linux-gnu/libpthread-2.27.so
7f5800932000-7f5800936000 rw-p 00000000 00:00 0 
7f5800936000-7f5800964000 r-xp 00000000 08:01 22023382                   /usr/lib/x86_64-linux-gnu/libgomp.so.1.0.0
7f5800964000-7f5800b63000 ---p 0002e000 08:01 22023382                   /usr/lib/x86_64-linux-gnu/libgomp.so.1.0.0
7f5800b63000-7f5800b64000 r--p 0002d000 08:01 22023382                   /usr/lib/x86_64-linux-gnu/libgomp.so.1.0.0
7f5800b64000-7f5800b65000 rw-p 0002e000 08:01 22023382                   /usr/lib/x86_64-linux-gnu/libgomp.so.1.0.0
7f5800b65000-7f5800df7000 r-xp 00000000 08:01 22028333                   /usr/lib/x86_64-linux-gnu/libicui18n.so.60.2
7f5800df7000-7f5800ff6000 ---p 00292000 08:01 22028333                   /usr/lib/x86_64-linux-gnu/libicui18n.so.60.2
7f5800ff6000-7f5801005000 r--p 00291000 08:01 22028333                   /usr/lib/x86_64-linux-gnu/libicui18n.so.60.2
7f5801005000-7f5801006000 rw-p 002a0000 08:01 22028333                   /usr/lib/x86_64-linux-gnu/libicui18n.so.60.2
7f5801006000-7f58011a9000 r-xp 00000000 08:01 22028341                   /usr/lib/x86_64-linux-gnu/libicuuc.so.60.2
7f58011a9000-7f58013a8000 ---p 001a3000 08:01 22028341                   /usr/lib/x86_64-linux-gnu/libicuuc.so.60.2
7f58013a8000-7f58013bb000 r--p 001a2000 08:01 22028341                   /usr/lib/x86_64-linux-gnu/libicuuc.so.60.2
7f58013bb000-7f58013bc000 rw-p 001b5000 08:01 22028341                   /usr/lib/x86_64-linux-gnu/libicuuc.so.60.2
7f58013bc000-7f58013bd000 rw-p 00000000 00:00 0 
7f58013bd000-7f58013c0000 r-xp 00000000 08:01 12849829                   /lib/x86_64-linux-gnu/libdl-2.27.so
7f58013c0000-7f58015bf000 ---p 00003000 08:01 12849829                   /lib/x86_64-linux-gnu/libdl-2.27.so
7f58015bf000-7f58015c0000 r--p 00002000 08:01 12849829                   /lib/x86_64-linux-gnu/libdl-2.27.so
7f58015c0000-7f58015c1000 rw-p 00003000 08:01 12849829                   /lib/x86_64-linux-gnu/libdl-2.27.so
7f58015c1000-7f58015c8000 r-xp 00000000 08:01 12849947                   /lib/x86_64-linux-gnu/librt-2.27.so
7f58015c8000-7f58017c7000 ---p 00007000 08:01 12849947                   /lib/x86_64-linux-gnu/librt-2.27.so
7f58017c7000-7f58017c8000 r--p 00006000 08:01 12849947                   /lib/x86_64-linux-gnu/librt-2.27.so
7f58017c8000-7f58017c9000 rw-p 00007000 08:01 12849947                   /lib/x86_64-linux-gnu/librt-2.27.so
7f58017c9000-7f58017e5000 r-xp 00000000 08:01 12849978                   /lib/x86_64-linux-gnu/libz.so.1.2.11
7f58017e5000-7f58019e4000 ---p 0001c000 08:01 12849978                   /lib/x86_64-linux-gnu/libz.so.1.2.11
7f58019e4000-7f58019e5000 r--p 0001b000 08:01 12849978                   /lib/x86_64-linux-gnu/libz.so.1.2.11
7f58019e5000-7f58019e6000 rw-p 0001c000 08:01 12849978                   /lib/x86_64-linux-gnu/libz.so.1.2.11
7f58019e6000-7f58019f5000 r-xp 00000000 08:01 12845072                   /lib/x86_64-linux-gnu/libbz2.so.1.0.4
7f58019f5000-7f5801bf4000 ---p 0000f000 08:01 12845072                   /lib/x86_64-linux-gnu/libbz2.so.1.0.4
7f5801bf4000-7f5801bf5000 r--p 0000e000 08:01 12845072                   /lib/x86_64-linux-gnu/libbz2.so.1.0.4
7f5801bf5000-7f5801bf6000 rw-p 0000f000 08:01 12845072                   /lib/x86_64-linux-gnu/libbz2.so.1.0.4
7f5801bf6000-7f5801c1a000 r-xp 00000000 08:01 12849866                   /lib/x86_64-linux-gnu/liblzma.so.5.2.2
7f5801c1a000-7f5801e1a000 ---p 00024000 08:01 12849866                   /lib/x86_64-linux-gnu/liblzma.so.5.2.2
7f5801e1a000-7f5801e1b000 r--p 00024000 08:01 12849866                   /lib/x86_64-linux-gnu/liblzma.so.5.2.2
7f5801e1b000-7f5801e1c000 rw-p 00025000 08:01 12849866                   /lib/x86_64-linux-gnu/liblzma.so.5.2.2
7f5801e1c000-7f5801e8c000 r-xp 00000000 08:01 12849928                   /lib/x86_64-linux-gnu/libpcre.so.3.13.3
7f5801e8c000-7f580208c000 ---p 00070000 08:01 12849928                   /lib/x86_64-linux-gnu/libpcre.so.3.13.3
7f580208c000-7f580208d000 r--p 00070000 08:01 12849928                   /lib/x86_64-linux-gnu/libpcre.so.3.13.3
7f580208d000-7f580208e000 rw-p 00071000 08:01 12849928                   /lib/x86_64-linux-gnu/libpcre.so.3.13.3
7f580208e000-7f58020cf000 r-xp 00000000 08:01 12849944                   /lib/x86_64-linux-gnu/libreadline.so.7.0
7f58020cf000-7f58022ce000 ---p 00041000 08:01 12849944                   /lib/x86_64-linux-gnu/libreadline.so.7.0
7f58022ce000-7f58022d0000 r--p 00040000 08:01 12849944                   /lib/x86_64-linux-gnu/libreadline.so.7.0
7f58022d0000-7f58022d6000 rw-p 00042000 08:01 12849944                   /lib/x86_64-linux-gnu/libreadline.so.7.0
7f58022d6000-7f58022d7000 rw-p 00000000 00:00 0 
7f58022d7000-7f5802474000 r-xp 00000000 08:01 12849869                   /lib/x86_64-linux-gnu/libm-2.27.so
7f5802474000-7f5802673000 ---p 0019d000 08:01 12849869                   /lib/x86_64-linux-gnu/libm-2.27.so
7f5802673000-7f5802674000 r--p 0019c000 08:01 12849869                   /lib/x86_64-linux-gnu/libm-2.27.so
7f5802674000-7f5802675000 rw-p 0019d000 08:01 12849869                   /lib/x86_64-linux-gnu/libm-2.27.so
7f5802675000-7f58026cb000 r-xp 00000000 08:01 22152789                   /usr/lib/x86_64-linux-gnu/openblas/libblas.so.3
7f58026cb000-7f58028ca000 ---p 00056000 08:01 22152789                   /usr/lib/x86_64-linux-gnu/openblas/libblas.so.3
7f58028ca000-7f58028cf000 r--p 00055000 08:01 22152789                   /usr/lib/x86_64-linux-gnu/openblas/libblas.so.3
7f58028cf000-7f58028d0000 rw-p 0005a000 08:01 22152789                   /usr/lib/x86_64-linux-gnu/openblas/libblas.so.3
7f58028d0000-7f5802ab7000 r-xp 00000000 08:01 12849806                   /lib/x86_64-linux-gnu/libc-2.27.so
7f5802ab7000-7f5802cb7000 ---p 001e7000 08:01 12849806                   /lib/x86_64-linux-gnu/libc-2.27.so
7f5802cb7000-7f5802cbb000 r--p 001e7000 08:01 12849806                   /lib/x86_64-linux-gnu/libc-2.27.so
7f5802cbb000-7f5802cbd000 rw-p 001eb000 08:01 12849806                   /lib/x86_64-linux-gnu/libc-2.27.so
7f5802cbd000-7f5802cc1000 rw-p 00000000 00:00 0 
7f5802cc1000-7f5802fca000 r-xp 00000000 08:01 22288065                   /usr/lib/R/lib/libR.so
7f5802fca000-7f58031c9000 ---p 00309000 08:01 22288065                   /usr/lib/R/lib/libR.so
7f58031c9000-7f58031e7000 r--p 00308000 08:01 22288065                   /usr/lib/R/lib/libR.so
7f58031e7000-7f58031f2000 rw-p 00326000 08:01 22288065                   /usr/lib/R/lib/libR.so
7f58031f2000-7f5803344000 rw-p 00000000 00:00 0 
7f5803344000-7f580336b000 r-xp 00000000 08:01 12849778                   /lib/x86_64-linux-gnu/ld-2.27.so
7f58033bb000-7f58033f2000 rw-p 00000000 00:00 0 
7f58033f2000-7f58033fc000 ---p 00000000 00:00 0 
7f58033fc000-7f580354e000 rw-p 00000000 00:00 0 
7f5803556000-7f5803558000 r--s 00007000 08:01 22420049                   /usr/share/java/java-atk-wrapper.jar
7f5803558000-7f5803560000 rw-s 00000000 08:01 4984565                    /tmp/hsperfdata_dsuser06/5803
7f5803560000-7f5803561000 ---p 00000000 00:00 0 
7f5803561000-7f5803562000 r--p 00000000 00:00 0 
7f5803562000-7f5803569000 r--s 00000000 08:01 22285294                   /usr/lib/x86_64-linux-gnu/gconv/gconv-modules.cache
7f5803569000-7f580356b000 rw-p 00000000 00:00 0 
7f580356b000-7f580356c000 r--p 00027000 08:01 12849778                   /lib/x86_64-linux-gnu/ld-2.27.so
7f580356c000-7f580356d000 rw-p 00028000 08:01 12849778                   /lib/x86_64-linux-gnu/ld-2.27.so
7f580356d000-7f580356e000 rw-p 00000000 00:00 0 
7ffce4a27000-7ffce4b23000 rw-p 00000000 00:00 0                          [stack]
7ffce4b25000-7ffce4b28000 r--p 00000000 00:00 0                          [vvar]
7ffce4b28000-7ffce4b2a000 r-xp 00000000 00:00 0                          [vdso]
ffffffffff600000-ffffffffff601000 r-xp 00000000 00:00 0                  [vsyscall]


VM Arguments:
jvm_args: -Xmx512m -Xrs vfprintf exit -XX:+UnlockExperimentalVMOptions -XX:+DisablePrimordialThreadGuardPages 
java_command: <unknown>
java_class_path (initial): /usr/lib/R/library/rJava/java/boot
Launcher Type: generic

[Global flags]
     intx CICompilerCount                          = 12                                        {product} {ergonomic}
     uint ConcGCThreads                            = 3                                         {product} {ergonomic}
     bool DisablePrimordialThreadGuardPages        = true                                 {experimental} {command line}
     uint G1ConcRefinementThreads                  = 13                                        {product} {ergonomic}
   size_t G1HeapRegionSize                         = 1048576                                   {product} {ergonomic}
    uintx GCDrainStackTargetSize                   = 64                                        {product} {ergonomic}
   size_t InitialHeapSize                          = 264241152                                 {product} {ergonomic}
   size_t MarkStackSize                            = 4194304                                   {product} {ergonomic}
   size_t MaxHeapSize                              = 536870912                                 {product} {command line}
   size_t MinHeapDeltaBytes                        = 1048576                                   {product} {ergonomic}
    uintx NonNMethodCodeHeapSize                   = 7594288                                {pd product} {ergonomic}
    uintx NonProfiledCodeHeapSize                  = 122031976                              {pd product} {ergonomic}
    uintx ProfiledCodeHeapSize                     = 122031976                              {pd product} {ergonomic}
     bool ReduceSignalUsage                        = true                                      {product} {command line}
    uintx ReservedCodeCacheSize                    = 251658240                              {pd product} {ergonomic}
     bool SegmentedCodeCache                       = true                                      {product} {ergonomic}
     bool UnlockExperimentalVMOptions              = true                                 {experimental} {command line}
     bool UseCompressedClassPointers               = true                                 {lp64_product} {ergonomic}
     bool UseCompressedOops                        = true                                 {lp64_product} {ergonomic}
     bool UseG1GC                                  = true                                      {product} {ergonomic}

Logging:
Log output configuration:
 #0: stdout all=warning uptime,level,tags
 #1: stderr all=off uptime,level,tags

Environment Variables:
PATH=/usr/local/sbin:/usr/local/bin:/usr/sbin:/usr/bin:/sbin:/bin:/usr/games:/usr/local/games:/snap/bin
LD_LIBRARY_PATH=/usr/lib/R/lib:/usr/lib/x86_64-linux-gnu:/usr/lib/jvm/default-java/lib/server
SHELL=/bin/bash

Signal Handlers:
SIGSEGV: [libjvm.so+0xdeda70], sa_mask[0]=11111111011111111101111111111110, sa_flags=SA_RESTART|SA_SIGINFO
SIGBUS: [libjvm.so+0xdeda70], sa_mask[0]=11111111011111111101111111111110, sa_flags=SA_RESTART|SA_SIGINFO
SIGFPE: [libjvm.so+0xdeda70], sa_mask[0]=11111111011111111101111111111110, sa_flags=SA_RESTART|SA_SIGINFO
SIGPIPE: [libjvm.so+0xbc3040], sa_mask[0]=11111111011111111101111111111110, sa_flags=SA_RESTART|SA_SIGINFO
SIGXFSZ: [libjvm.so+0xbc3040], sa_mask[0]=11111111011111111101111111111110, sa_flags=SA_RESTART|SA_SIGINFO
SIGILL: [libjvm.so+0xdeda70], sa_mask[0]=11111111011111111101111111111110, sa_flags=SA_RESTART|SA_SIGINFO
SIGUSR2: [libjvm.so+0xbc2ee0], sa_mask[0]=00000000000000000000000000000000, sa_flags=SA_RESTART|SA_SIGINFO
SIGHUP: SIG_DFL, sa_mask[0]=00000000000000000000000000000000, sa_flags=none
SIGINT: [libR.so+0x169640], sa_mask[0]=01000000000000000000000000000000, sa_flags=SA_RESTART
SIGTERM: SIG_DFL, sa_mask[0]=00000000000000000000000000000000, sa_flags=none
SIGQUIT: SIG_DFL, sa_mask[0]=00000000000000000000000000000000, sa_flags=none


---------------  S Y S T E M  ---------------

OS:DISTRIB_ID=Ubuntu
DISTRIB_RELEASE=18.04
DISTRIB_CODENAME=bionic
DISTRIB_DESCRIPTION="Ubuntu 18.04.3 LTS"
uname:Linux 4.15.0-74-generic #84-Ubuntu SMP Thu Dec 19 08:06:28 UTC 2019 x86_64
libc:glibc 2.27 NPTL 2.27 
rlimit: STACK 8192k, CORE 0k, NPROC 63974, NOFILE 1048576, AS infinity, DATA infinity, FSIZE infinity
load average:1.17 1.87 3.54

/proc/meminfo:
MemTotal:       16422328 kB
MemFree:          266248 kB
MemAvailable:       8696 kB
Buffers:            6232 kB
Cached:           193356 kB
SwapCached:        14020 kB
Active:         11654972 kB
Inactive:        4003268 kB
Active(anon):   11617712 kB
Inactive(anon):  3924728 kB
Active(file):      37260 kB
Inactive(file):    78540 kB
Unevictable:          64 kB
Mlocked:              64 kB
SwapTotal:       2097148 kB
SwapFree:           2340 kB
Dirty:               172 kB
Writeback:          1248 kB
AnonPages:      15448224 kB
Mapped:           146484 kB
Shmem:             81504 kB
Slab:             179832 kB
SReclaimable:      68416 kB
SUnreclaim:       111416 kB
KernelStack:       30752 kB
PageTables:       136408 kB
NFS_Unstable:          0 kB
Bounce:                0 kB
WritebackTmp:          0 kB
CommitLimit:    10308312 kB
Committed_AS:   47881524 kB
VmallocTotal:   34359738367 kB
VmallocUsed:           0 kB
VmallocChunk:          0 kB
HardwareCorrupted:     0 kB
AnonHugePages:         0 kB
ShmemHugePages:        0 kB
ShmemPmdMapped:        0 kB
CmaTotal:              0 kB
CmaFree:               0 kB
HugePages_Total:       0
HugePages_Free:        0
HugePages_Rsvd:        0
HugePages_Surp:        0
Hugepagesize:       2048 kB
DirectMap4k:      516032 kB
DirectMap2M:    16261120 kB
DirectMap1G:     2097152 kB


/proc/sys/kernel/threads-max (system-wide limit on the number of threads):
127949


/proc/sys/vm/max_map_count (maximum number of memory map areas a process may have):
65530


/proc/sys/kernel/pid_max (system-wide limit on number of process identifiers):
32768



container (cgroup) information:
container_type: cgroupv1
cpu_cpuset_cpus: 0-15
cpu_memory_nodes: 0-7
active_processor_count: 16
cpu_quota: -1
cpu_period: 100000
cpu_shares: -1
memory_limit_in_bytes: -1
memory_and_swap_limit_in_bytes: -2
memory_soft_limit_in_bytes: -1
memory_usage_in_bytes: 16027537408
memory_max_usage_in_bytes: 18597183488

VMWare virtualization detected
Steal ticks since vm start: 0
Steal ticks percentage since vm start:  0.000

CPU:total 16 (initial active 16) (2 cores per cpu, 1 threads per core) family 6 model 79 stepping 1, cmov, cx8, fxsr, mmx, sse, sse2, sse3, ssse3, sse4.1, sse4.2, popcnt, avx, avx2, aes, clmul, erms, rtm, 3dnowpref, lzcnt, tsc, tscinvbit, bmi1, bmi2, adx, fma
CPU Model and flags from /proc/cpuinfo:
model name	: Intel(R) Xeon(R) CPU E5-2630 v4 @ 2.20GHz
flags		: fpu vme de pse tsc msr pae mce cx8 apic sep mtrr pge mca cmov pat pse36 clflush dts mmx fxsr sse sse2 ss ht syscall nx pdpe1gb rdtscp lm constant_tsc arch_perfmon pebs bts nopl xtopology tsc_reliable nonstop_tsc cpuid pni pclmulqdq ssse3 fma cx16 pcid sse4_1 sse4_2 x2apic movbe popcnt tsc_deadline_timer aes xsave avx f16c rdrand hypervisor lahf_lm abm 3dnowprefetch cpuid_fault invpcid_single pti ssbd ibrs ibpb stibp fsgsbase tsc_adjust bmi1 hle avx2 smep bmi2 invpcid rtm rdseed adx smap xsaveopt arat flush_l1d arch_capabilities

Memory: 4k page, physical 16422328k(266472k free), swap 2097148k(2340k free)

vm_info: OpenJDK 64-Bit Server VM (11.0.5+10-post-Ubuntu-0ubuntu1.118.04) for linux-amd64 JRE (11.0.5+10-post-Ubuntu-0ubuntu1.118.04), built on Oct 16 2019 22:01:07 by "buildd" with gcc 7.4.0

END.
