#
# There is insufficient memory for the Java Runtime Environment to continue.
# Native memory allocation (mmap) failed to map 264241152 bytes for committing reserved memory.
# Possible reasons:
#   The system is out of physical RAM or swap space
#   The process is running with CompressedOops enabled, and the Java Heap may be blocking the growth of the native heap
# Possible solutions:
#   Reduce memory load on the system
#   Increase physical memory or swap space
#   Check if swap backing store is full
#   Decrease Java heap size (-Xmx/-Xms)
#   Decrease number of Java threads
#   Decrease Java thread stack sizes (-Xss)
#   Set larger code cache with -XX:ReservedCodeCacheSize=
# This output file may be truncated or incomplete.
#
#  Out of Memory Error (os_linux.cpp:2839), pid=5585, tid=5585
#
# JRE version:  (11.0.5+10) (build )
# Java VM: OpenJDK 64-Bit Server VM (11.0.5+10-post-Ubuntu-0ubuntu1.118.04, mixed mode, aot, sharing, tiered, compressed oops, g1 gc, linux-amd64)
# Core dump will be written. Default location: Core dumps may be processed with "/usr/share/apport/apport %p %s %c %d %P" (or dumping to /home/dsuser06/DataScience/ML/core.5585)
#

---------------  S U M M A R Y ------------

Command Line: -Xmx512m -Xrs vfprintf exit -XX:+UnlockExperimentalVMOptions -XX:+DisablePrimordialThreadGuardPages 

Host: Intel(R) Xeon(R) CPU E5-2630 v4 @ 2.20GHz, 16 cores, 15G, Ubuntu 18.04.3 LTS
Time: Sun Jan 12 20:55:47 2020 IST elapsed time: 0 seconds (0d 0h 0m 0s)

---------------  T H R E A D  ---------------

Current thread (0x0000560eef99d800):  JavaThread "Unknown thread" [_thread_in_vm, id=5585, stack(0x00007ffd61ed6000,0x00007ffd61fd6000)]

Stack: [0x00007ffd61ed6000,0x00007ffd61fd6000],  sp=0x00007ffd61f821b0,  free space=688k
Native frames: (J=compiled Java code, A=aot compiled Java code, j=interpreted, Vv=VM code, C=native code)
V  [libjvm.so+0xdec067]
V  [libjvm.so+0xdeccbb]
V  [libjvm.so+0x64fc15]
V  [libjvm.so+0xbc77d8]
V  [libjvm.so+0xbbf0fd]
V  [libjvm.so+0x76d91f]
V  [libjvm.so+0x76db8e]
V  [libjvm.so+0x779c00]
V  [libjvm.so+0x7f4f49]
V  [libjvm.so+0x7f5ba2]
V  [libjvm.so+0x7f6009]
V  [libjvm.so+0x72c0df]
V  [libjvm.so+0x72c7cd]
V  [libjvm.so+0xda6892]
V  [libjvm.so+0xda6b26]
V  [libjvm.so+0x815b47]
V  [libjvm.so+0xd7e2c7]
V  [libjvm.so+0x8cf6c1]  JNI_CreateJavaVM+0x51


---------------  P R O C E S S  ---------------

Threads class SMR info:
_java_thread_list=0x0000560eeea20ec0, length=0, elements={
}

Java Threads: ( => current thread )

Other Threads:
  0x0000560ef0455000 GCTaskThread "GC Thread#0" [stack: 0x00007f76842f8000,0x00007f76843f8000] [id=5656]
  0x0000560eef9ea800 ConcurrentGCThread "G1 Main Marker" [stack: 0x00007f766848e000,0x00007f766858e000] [id=5657]
  0x0000560eef612000 ConcurrentGCThread "G1 Conc#0" [stack: 0x00007f76680da000,0x00007f76681da000] [id=5658]

[error occurred during error reporting (printing all threads), id 0xb, SIGSEGV (0xb) at pc=0x00007f765d5e53f0]

VM state:not at safepoint (not fully initialized)

VM Mutex/Monitor currently owned by a thread:  ([mutex/lock_event])
[0x0000560eec5a53a0] Heap_lock - owner thread: 0x0000560eef99d800

Heap address: 0x00000000e0000000, size: 512 MB, Compressed Oops mode: Non-zero based: 0x00000000e0000000
Narrow klass base: 0x0000000000000000, Narrow klass shift: 0

GC Heap History (0 events):
No events

Deoptimization events (0 events):
No events

Classes redefined (0 events):
No events

Internal exceptions (0 events):
No events

Events (0 events):
No events


Dynamic libraries:
efc00000-100000000 ---p 00000000 00:00 0 
560ee6873000-560ee6874000 r-xp 00000000 08:01 22288054                   /usr/lib/R/bin/exec/R
560ee6a73000-560ee6a74000 r--p 00000000 08:01 22288054                   /usr/lib/R/bin/exec/R
560ee6a74000-560ee6a75000 rw-p 00001000 08:01 22288054                   /usr/lib/R/bin/exec/R
560ee72e5000-560ef367f000 rw-p 00000000 00:00 0                          [heap]
7f7630000000-7f7630021000 rw-p 00000000 00:00 0 
7f7630021000-7f7634000000 ---p 00000000 00:00 0 
7f7638000000-7f7638021000 rw-p 00000000 00:00 0 
7f7638021000-7f763c000000 ---p 00000000 00:00 0 
7f763d800000-7f763f800000 rw-p 00000000 00:00 0 
7f763f800000-7f7640000000 ---p 00000000 00:00 0 
7f7640000000-7f7640021000 rw-p 00000000 00:00 0 
7f7640021000-7f7644000000 ---p 00000000 00:00 0 
7f7644796000-7f7644f96000 ---p 00000000 00:00 0 
7f7644f96000-7f7645206000 rwxp 00000000 00:00 0 
7f7645206000-7f76456d5000 ---p 00000000 00:00 0 
7f76456d5000-7f7645945000 rwxp 00000000 00:00 0 
7f7645945000-7f764cb35000 ---p 00000000 00:00 0 
7f764cb35000-7f764cda5000 rwxp 00000000 00:00 0 
7f764cda5000-7f7653f96000 ---p 00000000 00:00 0 
7f7653f96000-7f765c658000 r--s 00000000 08:01 22287979                   /usr/lib/jvm/java-11-openjdk-amd64/lib/modules
7f765c658000-7f765c65d000 r-xp 00000000 08:01 22287961                   /usr/lib/jvm/java-11-openjdk-amd64/lib/libjimage.so
7f765c65d000-7f765c85c000 ---p 00005000 08:01 22287961                   /usr/lib/jvm/java-11-openjdk-amd64/lib/libjimage.so
7f765c85c000-7f765c85d000 r--p 00004000 08:01 22287961                   /usr/lib/jvm/java-11-openjdk-amd64/lib/libjimage.so
7f765c85d000-7f765c85e000 rw-p 00005000 08:01 22287961                   /usr/lib/jvm/java-11-openjdk-amd64/lib/libjimage.so
7f765c85e000-7f765c865000 r-xp 00000000 08:01 22287978                   /usr/lib/jvm/java-11-openjdk-amd64/lib/libzip.so
7f765c865000-7f765ca64000 ---p 00007000 08:01 22287978                   /usr/lib/jvm/java-11-openjdk-amd64/lib/libzip.so
7f765ca64000-7f765ca65000 r--p 00006000 08:01 22287978                   /usr/lib/jvm/java-11-openjdk-amd64/lib/libzip.so
7f765ca65000-7f765ca66000 rw-p 00007000 08:01 22287978                   /usr/lib/jvm/java-11-openjdk-amd64/lib/libzip.so
7f765ca66000-7f765ca8f000 r-xp 00000000 08:01 22287957                   /usr/lib/jvm/java-11-openjdk-amd64/lib/libjava.so
7f765ca8f000-7f765cc8e000 ---p 00029000 08:01 22287957                   /usr/lib/jvm/java-11-openjdk-amd64/lib/libjava.so
7f765cc8e000-7f765cc8f000 r--p 00028000 08:01 22287957                   /usr/lib/jvm/java-11-openjdk-amd64/lib/libjava.so
7f765cc8f000-7f765cc91000 rw-p 00029000 08:01 22287957                   /usr/lib/jvm/java-11-openjdk-amd64/lib/libjava.so
7f765cc91000-7f765cc9e000 r-xp 00000000 08:01 22287977                   /usr/lib/jvm/java-11-openjdk-amd64/lib/libverify.so
7f765cc9e000-7f765ce9d000 ---p 0000d000 08:01 22287977                   /usr/lib/jvm/java-11-openjdk-amd64/lib/libverify.so
7f765ce9d000-7f765ce9f000 r--p 0000c000 08:01 22287977                   /usr/lib/jvm/java-11-openjdk-amd64/lib/libverify.so
7f765ce9f000-7f765cea0000 rw-p 0000e000 08:01 22287977                   /usr/lib/jvm/java-11-openjdk-amd64/lib/libverify.so
7f765cea0000-7f765df74000 r-xp 00000000 08:01 22287982                   /usr/lib/jvm/java-11-openjdk-amd64/lib/server/libjvm.so
7f765df74000-7f765e174000 ---p 010d4000 08:01 22287982                   /usr/lib/jvm/java-11-openjdk-amd64/lib/server/libjvm.so
7f765e174000-7f765e231000 r--p 010d4000 08:01 22287982                   /usr/lib/jvm/java-11-openjdk-amd64/lib/server/libjvm.so
7f765e231000-7f765e26a000 rw-p 01191000 08:01 22287982                   /usr/lib/jvm/java-11-openjdk-amd64/lib/server/libjvm.so
7f765e26a000-7f765e2c1000 rw-p 00000000 00:00 0 
7f765e2c1000-7f765e2d1000 r-xp 00000000 08:01 1837676                    /usr/lib/R/library/rJava/libs/rJava.so
7f765e2d1000-7f765e4d0000 ---p 00010000 08:01 1837676                    /usr/lib/R/library/rJava/libs/rJava.so
7f765e4d0000-7f765e4d1000 r--p 0000f000 08:01 1837676                    /usr/lib/R/library/rJava/libs/rJava.so
7f765e4d1000-7f765e4d2000 rw-p 00010000 08:01 1837676                    /usr/lib/R/library/rJava/libs/rJava.so
7f765e4d2000-7f765e4d8000 r-xp 00000000 08:01 1051409                    /usr/lib/R/library/Hmisc/libs/Hmisc.so
7f765e4d8000-7f765e6d7000 ---p 00006000 08:01 1051409                    /usr/lib/R/library/Hmisc/libs/Hmisc.so
7f765e6d7000-7f765e6d8000 r--p 00005000 08:01 1051409                    /usr/lib/R/library/Hmisc/libs/Hmisc.so
7f765e6d8000-7f765e6d9000 rw-p 00006000 08:01 1051409                    /usr/lib/R/library/Hmisc/libs/Hmisc.so
7f765e6d9000-7f765e739000 r-xp 00000000 08:01 23203171                   /usr/local/lib/R/site-library/data.table/libs/datatable.so
7f765e739000-7f765e939000 ---p 00060000 08:01 23203171                   /usr/local/lib/R/site-library/data.table/libs/datatable.so
7f765e939000-7f765e93a000 r--p 00060000 08:01 23203171                   /usr/local/lib/R/site-library/data.table/libs/datatable.so
7f765e93a000-7f765e93b000 rw-p 00061000 08:01 23203171                   /usr/local/lib/R/site-library/data.table/libs/datatable.so
7f765e93b000-7f765e93c000 rw-p 00000000 00:00 0 
7f765e93c000-7f765e9ab000 r-xp 00000000 08:01 23206155                   /usr/local/lib/R/site-library/stringi/libs/stringi.so
7f765e9ab000-7f765ebaa000 ---p 0006f000 08:01 23206155                   /usr/local/lib/R/site-library/stringi/libs/stringi.so
7f765ebaa000-7f765ebac000 r--p 0006e000 08:01 23206155                   /usr/local/lib/R/site-library/stringi/libs/stringi.so
7f765ebac000-7f765ebad000 rw-p 00070000 08:01 23206155                   /usr/local/lib/R/site-library/stringi/libs/stringi.so
7f765ebad000-7f765ebbd000 r-xp 00000000 08:01 921384                     /usr/lib/R/library/checkmate/libs/checkmate.so
7f765ebbd000-7f765edbc000 ---p 00010000 08:01 921384                     /usr/lib/R/library/checkmate/libs/checkmate.so
7f765edbc000-7f765edbd000 r--p 0000f000 08:01 921384                     /usr/lib/R/library/checkmate/libs/checkmate.so
7f765edbd000-7f765edbe000 rw-p 00010000 08:01 921384                     /usr/lib/R/library/checkmate/libs/checkmate.so
7f765edbe000-7f765edca000 r-xp 00000000 08:01 23202426                   /usr/lib/R/library/rpart/libs/rpart.so
7f765edca000-7f765efc9000 ---p 0000c000 08:01 23202426                   /usr/lib/R/library/rpart/libs/rpart.so
7f765efc9000-7f765efca000 r--p 0000b000 08:01 23202426                   /usr/lib/R/library/rpart/libs/rpart.so
7f765efca000-7f765efcb000 rw-p 0000c000 08:01 23202426                   /usr/lib/R/library/rpart/libs/rpart.so
7f765efcb000-7f765efcf000 r-xp 00000000 08:01 23201197                   /usr/lib/R/library/nnet/libs/nnet.so
7f765efcf000-7f765f1ce000 ---p 00004000 08:01 23201197                   /usr/lib/R/library/nnet/libs/nnet.so
7f765f1ce000-7f765f1cf000 r--p 00003000 08:01 23201197                   /usr/lib/R/library/nnet/libs/nnet.so
7f765f1cf000-7f765f1d0000 rw-p 00004000 08:01 23201197                   /usr/lib/R/library/nnet/libs/nnet.so
7f765f1d0000-7f765f1e8000 r-xp 00000000 08:01 23072979                   /usr/lib/R/library/foreign/libs/foreign.so
7f765f1e8000-7f765f3e7000 ---p 00018000 08:01 23072979                   /usr/lib/R/library/foreign/libs/foreign.so
7f765f3e7000-7f765f3e8000 r--p 00017000 08:01 23072979                   /usr/lib/R/library/foreign/libs/foreign.so
7f765f3e8000-7f765f3e9000 rw-p 00018000 08:01 23072979                   /usr/lib/R/library/foreign/libs/foreign.so
7f765f3e9000-7f765f3f9000 r-xp 00000000 08:01 23072847                   /usr/lib/R/library/cluster/libs/cluster.so
7f765f3f9000-7f765f5f8000 ---p 00010000 08:01 23072847                   /usr/lib/R/library/cluster/libs/cluster.so
7f765f5f8000-7f765f5f9000 r--p 0000f000 08:01 23072847                   /usr/lib/R/library/cluster/libs/cluster.so
7f765f5f9000-7f765f5fa000 rw-p 00010000 08:01 23072847                   /usr/lib/R/library/cluster/libs/cluster.so
7f765f5fa000-7f765f601000 r-xp 00000000 08:01 789684                     /usr/lib/R/library/acepack/libs/acepack.so
7f765f601000-7f765f800000 ---p 00007000 08:01 789684                     /usr/lib/R/library/acepack/libs/acepack.so
7f765f800000-7f765f801000 r--p 00006000 08:01 789684                     /usr/lib/R/library/acepack/libs/acepack.so
7f765f801000-7f765f802000 rw-p 00007000 08:01 789684                     /usr/lib/R/library/acepack/libs/acepack.so
7f765f802000-7f765f805000 r-xp 00000000 08:01 25298379                   /usr/local/lib/R/site-library/lazyeval/libs/lazyeval.so
7f765f805000-7f765fa05000 ---p 00003000 08:01 25298379                   /usr/local/lib/R/site-library/lazyeval/libs/lazyeval.so
7f765fa05000-7f765fa06000 r--p 00003000 08:01 25298379                   /usr/local/lib/R/site-library/lazyeval/libs/lazyeval.so
7f765fa06000-7f765fa07000 rw-p 00004000 08:01 25298379                   /usr/local/lib/R/site-library/lazyeval/libs/lazyeval.so
7f765fa07000-7f765fa19000 r-xp 00000000 08:01 25428653                   /usr/local/lib/R/site-library/scales/libs/scales.so
7f765fa19000-7f765fc19000 ---p 00012000 08:01 25428653                   /usr/local/lib/R/site-library/scales/libs/scales.so
7f765fc19000-7f765fc1a000 r--p 00012000 08:01 25428653                   /usr/local/lib/R/site-library/scales/libs/scales.so
7f765fc1a000-7f765fc1b000 rw-p 00013000 08:01 25428653                   /usr/local/lib/R/site-library/scales/libs/scales.so
7f765fc1b000-7f765fc26000 r-xp 00000000 08:01 23205239                   /usr/local/lib/R/site-library/colorspace/libs/colorspace.so
7f765fc26000-7f765fe25000 ---p 0000b000 08:01 23205239                   /usr/local/lib/R/site-library/colorspace/libs/colorspace.so
7f765fe25000-7f765fe26000 r--p 0000a000 08:01 23205239                   /usr/local/lib/R/site-library/colorspace/libs/colorspace.so
7f765fe26000-7f765fe27000 rw-p 0000b000 08:01 23205239                   /usr/local/lib/R/site-library/colorspace/libs/colorspace.so
7f765fe27000-7f765fe4e000 r-xp 00000000 08:01 23201961                   /usr/lib/R/library/survival/libs/survival.so
7f765fe4e000-7f766004e000 ---p 00027000 08:01 23201961                   /usr/lib/R/library/survival/libs/survival.so
7f766004e000-7f766004f000 r--p 00027000 08:01 23201961                   /usr/lib/R/library/survival/libs/survival.so
7f766004f000-7f7660050000 rw-p 00028000 08:01 23201961                   /usr/lib/R/library/survival/libs/survival.so
7f7660050000-7f766010b000 r-xp 00000000 08:01 23073181                   /usr/lib/R/library/Matrix/libs/Matrix.so
7f766010b000-7f766030b000 ---p 000bb000 08:01 23073181                   /usr/lib/R/library/Matrix/libs/Matrix.so
7f766030b000-7f766030c000 r--p 000bb000 08:01 23073181                   /usr/lib/R/library/Matrix/libs/Matrix.so
7f766030c000-7f766030f000 rw-p 000bc000 08:01 23073181                   /usr/lib/R/library/Matrix/libs/Matrix.so
7f766030f000-7f76605bd000 rw-p 00000000 00:00 0 
7f76605bd000-7f76605c0000 r-xp 00000000 08:01 23073083                   /usr/lib/R/library/lattice/libs/lattice.so
7f76605c0000-7f76607bf000 ---p 00003000 08:01 23073083                   /usr/lib/R/library/lattice/libs/lattice.so
7f76607bf000-7f76607c0000 r--p 00002000 08:01 23073083                   /usr/lib/R/library/lattice/libs/lattice.so
7f76607c0000-7f76607c1000 rw-p 00003000 08:01 23073083                   /usr/lib/R/library/lattice/libs/lattice.so
7f76607c1000-7f76607e0000 r-xp 00000000 08:01 22809277                   /usr/lib/R/library/grid/libs/grid.so
7f76607e0000-7f76609e0000 ---p 0001f000 08:01 22809277                   /usr/lib/R/library/grid/libs/grid.so
7f76609e0000-7f76609e1000 r--p 0001f000 08:01 22809277                   /usr/lib/R/library/grid/libs/grid.so
7f76609e1000-7f76609e2000 rw-p 00020000 08:01 22809277                   /usr/lib/R/library/grid/libs/grid.so
7f76609e2000-7f76609e4000 r-xp 00000000 08:01 22938611                   /usr/lib/R/library/splines/libs/splines.so
7f76609e4000-7f7660be3000 ---p 00002000 08:01 22938611                   /usr/lib/R/library/splines/libs/splines.so
7f7660be3000-7f7660be4000 r--p 00001000 08:01 22938611                   /usr/lib/R/library/splines/libs/splines.so
7f7660be4000-7f7660be5000 rw-p 00002000 08:01 22938611                   /usr/lib/R/library/splines/libs/splines.so
7f7660be5000-7f7660dbf000 r-xp 00000000 08:01 25428954                   /usr/local/lib/R/site-library/dplyr/libs/dplyr.so
7f7660dbf000-7f7660fbf000 ---p 001da000 08:01 25428954                   /usr/local/lib/R/site-library/dplyr/libs/dplyr.so
7f7660fbf000-7f7660fc4000 r--p 001da000 08:01 25428954                   /usr/local/lib/R/site-library/dplyr/libs/dplyr.so
7f7660fc4000-7f7660fc5000 rw-p 001df000 08:01 25428954                   /usr/local/lib/R/site-library/dplyr/libs/dplyr.so
7f7660fc5000-7f7660fca000 rw-p 00000000 00:00 0 
7f7660fca000-7f7660fdf000 r-xp 00000000 08:01 25428731                   /usr/local/lib/R/site-library/tidyselect/libs/tidyselect.so
7f7660fdf000-7f76611de000 ---p 00015000 08:01 25428731                   /usr/local/lib/R/site-library/tidyselect/libs/tidyselect.so
7f76611de000-7f76611df000 r--p 00014000 08:01 25428731                   /usr/local/lib/R/site-library/tidyselect/libs/tidyselect.so
7f76611df000-7f76611e0000 rw-p 00015000 08:01 25428731                   /usr/local/lib/R/site-library/tidyselect/libs/tidyselect.so
7f76611e0000-7f76611e8000 r-xp 00000000 08:01 25428390                   /usr/local/lib/R/site-library/purrr/libs/purrr.so
7f76611e8000-7f76613e7000 ---p 00008000 08:01 25428390                   /usr/local/lib/R/site-library/purrr/libs/purrr.so
7f76613e7000-7f76613e8000 r--p 00007000 08:01 25428390                   /usr/local/lib/R/site-library/purrr/libs/purrr.so
7f76613e8000-7f76613e9000 rw-p 00008000 08:01 25428390                   /usr/local/lib/R/site-library/purrr/libs/purrr.so
7f76613e9000-7f76613eb000 r-xp 00000000 08:01 25428015                   /usr/local/lib/R/site-library/glue/libs/glue.so
7f76613eb000-7f76615ea000 ---p 00002000 08:01 25428015                   /usr/local/lib/R/site-library/glue/libs/glue.so
7f76615ea000-7f76615eb000 r--p 00001000 08:01 25428015                   /usr/local/lib/R/site-library/glue/libs/glue.so
7f76615eb000-7f76615ec000 rw-p 00002000 08:01 25428015                   /usr/local/lib/R/site-library/glue/libs/glue.so
7f76615ec000-7f76615ed000 r-xp 00000000 08:01 790814                     /usr/lib/R/library/readr/rcon/librcon.so
7f76615ed000-7f76617ec000 ---p 00001000 08:01 790814                     /usr/lib/R/library/readr/rcon/librcon.so
7f76617ec000-7f76617ed000 r--p 00000000 08:01 790814                     /usr/lib/R/library/readr/rcon/librcon.so
7f76617ed000-7f76617ee000 rw-p 00001000 08:01 790814                     /usr/lib/R/library/readr/rcon/librcon.so
7f76617ee000-7f766187a000 r-xp 00000000 08:01 790791                     /usr/lib/R/library/readr/libs/readr.so
7f766187a000-7f7661a79000 ---p 0008c000 08:01 790791                     /usr/lib/R/library/readr/libs/readr.so
7f7661a79000-7f7661a7c000 r--p 0008b000 08:01 790791                     /usr/lib/R/library/readr/libs/readr.so
7f7661a7c000-7f7661a7d000 rw-p 0008e000 08:01 790791                     /usr/lib/R/library/readr/libs/readr.so
7f7661a7d000-7f7661a85000 rw-p 00000000 00:00 0 
7f7661a85000-7f7661a87000 r-xp 00000000 08:01 25428868                   /usr/local/lib/R/site-library/tibble/libs/tibble.so
7f7661a87000-7f7661c87000 ---p 00002000 08:01 25428868                   /usr/local/lib/R/site-library/tibble/libs/tibble.so
7f7661c87000-7f7661c88000 r--p 00002000 08:01 25428868                   /usr/local/lib/R/site-library/tibble/libs/tibble.so
7f7661c88000-7f7661c89000 rw-p 00003000 08:01 25428868                   /usr/local/lib/R/site-library/tibble/libs/tibble.so
7f7661c89000-7f7661c8a000 r-xp 00000000 08:01 23204182                   /usr/local/lib/R/site-library/backports/libs/backports.so
7f7661c8a000-7f7661e89000 ---p 00001000 08:01 23204182                   /usr/local/lib/R/site-library/backports/libs/backports.so
7f7661e89000-7f7661e8a000 r--p 00000000 08:01 23204182                   /usr/local/lib/R/site-library/backports/libs/backports.so
7f7661e8a000-7f7661e8b000 rw-p 00001000 08:01 23204182                   /usr/local/lib/R/site-library/backports/libs/backports.so
7f7661e8b000-7f7661eaa000 r-xp 00000000 08:01 25428572                   /usr/local/lib/R/site-library/vctrs/libs/vctrs.so
7f7661eaa000-7f76620aa000 ---p 0001f000 08:01 25428572                   /usr/local/lib/R/site-library/vctrs/libs/vctrs.so
7f76620aa000-7f76620ab000 r--p 0001f000 08:01 25428572                   /usr/local/lib/R/site-library/vctrs/libs/vctrs.so
7f76620ab000-7f76620ac000 rw-p 00020000 08:01 25428572                   /usr/local/lib/R/site-library/vctrs/libs/vctrs.so
7f76620ac000-7f76620bf000 r-xp 00000000 08:01 12849802                   /lib/x86_64-linux-gnu/libbsd.so.0.8.7
7f76620bf000-7f76622be000 ---p 00013000 08:01 12849802                   /lib/x86_64-linux-gnu/libbsd.so.0.8.7
7f76622be000-7f76622bf000 r--p 00012000 08:01 12849802                   /lib/x86_64-linux-gnu/libbsd.so.0.8.7
7f76622bf000-7f76622c0000 rw-p 00013000 08:01 12849802                   /lib/x86_64-linux-gnu/libbsd.so.0.8.7
7f76622c0000-7f76622c1000 rw-p 00000000 00:00 0 
7f76622c1000-7f76622ec000 r-xp 00000000 08:01 22028215                   /usr/lib/x86_64-linux-gnu/libgraphite2.so.3.0.1
7f76622ec000-7f76624eb000 ---p 0002b000 08:01 22028215                   /usr/lib/x86_64-linux-gnu/libgraphite2.so.3.0.1
7f76624eb000-7f76624ed000 r--p 0002a000 08:01 22028215                   /usr/lib/x86_64-linux-gnu/libgraphite2.so.3.0.1
7f76624ed000-7f76624ee000 rw-p 0002c000 08:01 22028215                   /usr/lib/x86_64-linux-gnu/libgraphite2.so.3.0.1
7f76624ee000-7f76624f3000 r-xp 00000000 08:01 22027749                   /usr/lib/x86_64-linux-gnu/libXdmcp.so.6.0.0
7f76624f3000-7f76626f2000 ---p 00005000 08:01 22027749                   /usr/lib/x86_64-linux-gnu/libXdmcp.so.6.0.0
7f76626f2000-7f76626f3000 r--p 00004000 08:01 22027749                   /usr/lib/x86_64-linux-gnu/libXdmcp.so.6.0.0
7f76626f3000-7f76626f4000 rw-p 00005000 08:01 22027749                   /usr/lib/x86_64-linux-gnu/libXdmcp.so.6.0.0
7f76626f4000-7f76626f6000 r-xp 00000000 08:01 22027738                   /usr/lib/x86_64-linux-gnu/libXau.so.6.0.0
7f76626f6000-7f76628f6000 ---p 00002000 08:01 22027738                   /usr/lib/x86_64-linux-gnu/libXau.so.6.0.0
7f76628f6000-7f76628f7000 r--p 00002000 08:01 22027738                   /usr/lib/x86_64-linux-gnu/libXau.so.6.0.0
7f76628f7000-7f76628f8000 rw-p 00003000 08:01 22027738                   /usr/lib/x86_64-linux-gnu/libXau.so.6.0.0
7f76628f8000-7f76628fe000 r-xp 00000000 08:01 22027962                   /usr/lib/x86_64-linux-gnu/libdatrie.so.1.3.3
7f76628fe000-7f7662afd000 ---p 00006000 08:01 22027962                   /usr/lib/x86_64-linux-gnu/libdatrie.so.1.3.3
7f7662afd000-7f7662afe000 r--p 00005000 08:01 22027962                   /usr/lib/x86_64-linux-gnu/libdatrie.so.1.3.3
7f7662afe000-7f7662aff000 rw-p 00006000 08:01 22027962                   /usr/lib/x86_64-linux-gnu/libdatrie.so.1.3.3
7f7662aff000-7f7662b9b000 r-xp 00000000 08:01 22028293                   /usr/lib/x86_64-linux-gnu/libharfbuzz.so.0.10702.0
7f7662b9b000-7f7662d9b000 ---p 0009c000 08:01 22028293                   /usr/lib/x86_64-linux-gnu/libharfbuzz.so.0.10702.0
7f7662d9b000-7f7662d9c000 r--p 0009c000 08:01 22028293                   /usr/lib/x86_64-linux-gnu/libharfbuzz.so.0.10702.0
7f7662d9c000-7f7662d9d000 rw-p 0009d000 08:01 22028293                   /usr/lib/x86_64-linux-gnu/libharfbuzz.so.0.10702.0
7f7662d9d000-7f7662dcc000 r-xp 00000000 08:01 12845249                   /lib/x86_64-linux-gnu/libexpat.so.1.6.7
7f7662dcc000-7f7662fcc000 ---p 0002f000 08:01 12845249                   /lib/x86_64-linux-gnu/libexpat.so.1.6.7
7f7662fcc000-7f7662fce000 r--p 0002f000 08:01 12845249                   /lib/x86_64-linux-gnu/libexpat.so.1.6.7
7f7662fce000-7f7662fcf000 rw-p 00031000 08:01 12845249                   /lib/x86_64-linux-gnu/libexpat.so.1.6.7
7f7662fcf000-7f7662fe0000 r-xp 00000000 08:01 22027751                   /usr/lib/x86_64-linux-gnu/libXext.so.6.4.0
7f7662fe0000-7f76631df000 ---p 00011000 08:01 22027751                   /usr/lib/x86_64-linux-gnu/libXext.so.6.4.0
7f76631df000-7f76631e0000 r--p 00010000 08:01 22027751                   /usr/lib/x86_64-linux-gnu/libXext.so.6.4.0
7f76631e0000-7f76631e1000 rw-p 00011000 08:01 22027751                   /usr/lib/x86_64-linux-gnu/libXext.so.6.4.0
7f76631e1000-7f7663314000 r-xp 00000000 08:01 22021204                   /usr/lib/x86_64-linux-gnu/libX11.so.6.3.0
7f7663314000-7f7663514000 ---p 00133000 08:01 22021204                   /usr/lib/x86_64-linux-gnu/libX11.so.6.3.0
7f7663514000-7f7663515000 r--p 00133000 08:01 22021204                   /usr/lib/x86_64-linux-gnu/libX11.so.6.3.0
7f7663515000-7f7663519000 rw-p 00134000 08:01 22021204                   /usr/lib/x86_64-linux-gnu/libX11.so.6.3.0
7f7663519000-7f7663522000 r-xp 00000000 08:01 22027771                   /usr/lib/x86_64-linux-gnu/libXrender.so.1.3.0
7f7663522000-7f7663721000 ---p 00009000 08:01 22027771                   /usr/lib/x86_64-linux-gnu/libXrender.so.1.3.0
7f7663721000-7f7663722000 r--p 00008000 08:01 22027771                   /usr/lib/x86_64-linux-gnu/libXrender.so.1.3.0
7f7663722000-7f7663723000 rw-p 00009000 08:01 22027771                   /usr/lib/x86_64-linux-gnu/libXrender.so.1.3.0
7f7663723000-7f766372f000 r-xp 00000000 08:01 22028543                   /usr/lib/x86_64-linux-gnu/libxcb-render.so.0.0.0
7f766372f000-7f766392e000 ---p 0000c000 08:01 22028543                   /usr/lib/x86_64-linux-gnu/libxcb-render.so.0.0.0
7f766392e000-7f766392f000 r--p 0000b000 08:01 22028543                   /usr/lib/x86_64-linux-gnu/libxcb-render.so.0.0.0
7f766392f000-7f7663930000 rw-p 0000c000 08:01 22028543                   /usr/lib/x86_64-linux-gnu/libxcb-render.so.0.0.0
7f7663930000-7f7663956000 r-xp 00000000 08:01 22020963                   /usr/lib/x86_64-linux-gnu/libxcb.so.1.1.0
7f7663956000-7f7663b56000 ---p 00026000 08:01 22020963                   /usr/lib/x86_64-linux-gnu/libxcb.so.1.1.0
7f7663b56000-7f7663b57000 r--p 00026000 08:01 22020963                   /usr/lib/x86_64-linux-gnu/libxcb.so.1.1.0
7f7663b57000-7f7663b58000 rw-p 00027000 08:01 22020963                   /usr/lib/x86_64-linux-gnu/libxcb.so.1.1.0
7f7663b58000-7f7663b5a000 r-xp 00000000 08:01 22028884                   /usr/lib/x86_64-linux-gnu/libxcb-shm.so.0.0.0
7f7663b5a000-7f7663d59000 ---p 00002000 08:01 22028884                   /usr/lib/x86_64-linux-gnu/libxcb-shm.so.0.0.0
7f7663d59000-7f7663d5a000 r--p 00001000 08:01 22028884                   /usr/lib/x86_64-linux-gnu/libxcb-shm.so.0.0.0
7f7663d5a000-7f7663d5b000 rw-p 00002000 08:01 22028884                   /usr/lib/x86_64-linux-gnu/libxcb-shm.so.0.0.0
7f7663d5b000-7f7663df8000 r-xp 00000000 08:01 22028576                   /usr/lib/x86_64-linux-gnu/libpixman-1.so.0.34.0
7f7663df8000-7f7663ff7000 ---p 0009d000 08:01 22028576                   /usr/lib/x86_64-linux-gnu/libpixman-1.so.0.34.0
7f7663ff7000-7f7663fff000 r--p 0009c000 08:01 22028576                   /usr/lib/x86_64-linux-gnu/libpixman-1.so.0.34.0
7f7663fff000-7f7664000000 rw-p 000a4000 08:01 22028576                   /usr/lib/x86_64-linux-gnu/libpixman-1.so.0.34.0
7f7664000000-7f7664060000 rw-p 00000000 00:00 0 
7f7664060000-7f7668000000 ---p 00000000 00:00 0 
7f76680d8000-7f76680d9000 ---p 00000000 00:00 0 
7f76680d9000-7f76681da000 rw-p 00000000 00:00 0 
7f76681da000-7f76681e6000 r-xp 00000000 08:01 22940210                   /usr/lib/R/library/utils/libs/utils.so
7f76681e6000-7f76683e5000 ---p 0000c000 08:01 22940210                   /usr/lib/R/library/utils/libs/utils.so
7f76683e5000-7f76683e6000 r--p 0000b000 08:01 22940210                   /usr/lib/R/library/utils/libs/utils.so
7f76683e6000-7f76683e7000 rw-p 0000c000 08:01 22940210                   /usr/lib/R/library/utils/libs/utils.so
7f76683e7000-7f76683e8000 rw-p 00000000 00:00 0 
7f766848c000-7f766848d000 ---p 00000000 00:00 0 
7f766848d000-7f766858e000 rw-p 00000000 00:00 0 
7f766858e000-7f7668595000 r-xp 00000000 08:01 22028076                   /usr/lib/x86_64-linux-gnu/libffi.so.6.0.4
7f7668595000-7f7668794000 ---p 00007000 08:01 22028076                   /usr/lib/x86_64-linux-gnu/libffi.so.6.0.4
7f7668794000-7f7668795000 r--p 00006000 08:01 22028076                   /usr/lib/x86_64-linux-gnu/libffi.so.6.0.4
7f7668795000-7f7668796000 rw-p 00007000 08:01 22028076                   /usr/lib/x86_64-linux-gnu/libffi.so.6.0.4
7f7668796000-7f7668878000 rw-p 00000000 00:00 0 
7f7668944000-7f7668a84000 rw-p 00000000 00:00 0 
7f7668a84000-7f7668a8c000 r-xp 00000000 08:01 22938257                   /usr/lib/R/library/methods/libs/methods.so
7f7668a8c000-7f7668c8c000 ---p 00008000 08:01 22938257                   /usr/lib/R/library/methods/libs/methods.so
7f7668c8c000-7f7668c8d000 r--p 00008000 08:01 22938257                   /usr/lib/R/library/methods/libs/methods.so
7f7668c8d000-7f7668c8e000 rw-p 00009000 08:01 22938257                   /usr/lib/R/library/methods/libs/methods.so
7f7668cbd000-7f766acbd000 rw-p 00000000 00:00 0 
7f766acbd000-7f766b0c7000 rw-p 00000000 00:00 0 
7f766b0c7000-7f766f0c7000 rw-p 00000000 00:00 0 
7f766f0c7000-7f766fa96000 r--p 00000000 08:01 22026757                   /usr/lib/locale/locale-archive
7f766fa96000-7f766fa97000 ---p 00000000 00:00 0 
7f766fa97000-7f7670297000 rw-p 00000000 00:00 0 
7f7670297000-7f7670298000 ---p 00000000 00:00 0 
7f7670298000-7f7670a98000 rw-p 00000000 00:00 0 
7f7670a98000-7f7672a98000 rw-p 00000000 00:00 0 
7f7672a98000-7f7672a99000 ---p 00000000 00:00 0 
7f7672a99000-7f7673299000 rw-p 00000000 00:00 0 
7f7673299000-7f7675299000 rw-p 00000000 00:00 0 
7f7675299000-7f767529a000 ---p 00000000 00:00 0 
7f767529a000-7f7675a9a000 rw-p 00000000 00:00 0 
7f7675a9a000-7f7677a9a000 rw-p 00000000 00:00 0 
7f7677ac8000-7f7677bc8000 ---p 00000000 00:00 0 
7f7677bc8000-7f7677bd0000 r-xp 00000000 08:01 22028751                   /usr/lib/x86_64-linux-gnu/libthai.so.0.3.0
7f7677bd0000-7f7677dcf000 ---p 00008000 08:01 22028751                   /usr/lib/x86_64-linux-gnu/libthai.so.0.3.0
7f7677dcf000-7f7677dd0000 r--p 00007000 08:01 22028751                   /usr/lib/x86_64-linux-gnu/libthai.so.0.3.0
7f7677dd0000-7f7677dd1000 rw-p 00008000 08:01 22028751                   /usr/lib/x86_64-linux-gnu/libthai.so.0.3.0
7f7677dd1000-7f7677e7e000 r-xp 00000000 08:01 22028106                   /usr/lib/x86_64-linux-gnu/libfreetype.so.6.15.0
7f7677e7e000-7f767807d000 ---p 000ad000 08:01 22028106                   /usr/lib/x86_64-linux-gnu/libfreetype.so.6.15.0
7f767807d000-7f7678084000 r--p 000ac000 08:01 22028106                   /usr/lib/x86_64-linux-gnu/libfreetype.so.6.15.0
7f7678084000-7f7678085000 rw-p 000b3000 08:01 22028106                   /usr/lib/x86_64-linux-gnu/libfreetype.so.6.15.0
7f7678085000-7f7678099000 r-xp 00000000 08:01 22027884                   /usr/lib/x86_64-linux-gnu/libpangoft2-1.0.so.0.4000.14
7f7678099000-7f7678299000 ---p 00014000 08:01 22027884                   /usr/lib/x86_64-linux-gnu/libpangoft2-1.0.so.0.4000.14
7f7678299000-7f767829a000 r--p 00014000 08:01 22027884                   /usr/lib/x86_64-linux-gnu/libpangoft2-1.0.so.0.4000.14
7f767829a000-7f767829b000 rw-p 00015000 08:01 22027884                   /usr/lib/x86_64-linux-gnu/libpangoft2-1.0.so.0.4000.14
7f767829b000-7f767a29b000 rw-p 00000000 00:00 0 
7f767a332000-7f767a370000 r-xp 00000000 08:01 22028090                   /usr/lib/x86_64-linux-gnu/libfontconfig.so.1.10.1
7f767a370000-7f767a570000 ---p 0003e000 08:01 22028090                   /usr/lib/x86_64-linux-gnu/libfontconfig.so.1.10.1
7f767a570000-7f767a572000 r--p 0003e000 08:01 22028090                   /usr/lib/x86_64-linux-gnu/libfontconfig.so.1.10.1
7f767a572000-7f767a577000 rw-p 00040000 08:01 22028090                   /usr/lib/x86_64-linux-gnu/libfontconfig.so.1.10.1
7f767a577000-7f767a68b000 r-xp 00000000 08:01 22020437                   /usr/lib/x86_64-linux-gnu/libglib-2.0.so.0.5600.4
7f767a68b000-7f767a88b000 ---p 00114000 08:01 22020437                   /usr/lib/x86_64-linux-gnu/libglib-2.0.so.0.5600.4
7f767a88b000-7f767a88c000 r--p 00114000 08:01 22020437                   /usr/lib/x86_64-linux-gnu/libglib-2.0.so.0.5600.4
7f767a88c000-7f767a88d000 rw-p 00115000 08:01 22020437                   /usr/lib/x86_64-linux-gnu/libglib-2.0.so.0.5600.4
7f767a88d000-7f767a88e000 rw-p 00000000 00:00 0 
7f767a88e000-7f767a899000 r-xp 00000000 08:01 22028386                   /usr/lib/x86_64-linux-gnu/libjbig.so.0
7f767a899000-7f767aa98000 ---p 0000b000 08:01 22028386                   /usr/lib/x86_64-linux-gnu/libjbig.so.0
7f767aa98000-7f767aa99000 r--p 0000a000 08:01 22028386                   /usr/lib/x86_64-linux-gnu/libjbig.so.0
7f767aa99000-7f767aa9c000 rw-p 0000b000 08:01 22028386                   /usr/lib/x86_64-linux-gnu/libjbig.so.0
7f767aa9c000-7f767ca9c000 rw-p 00000000 00:00 0 
7f767cadf000-7f767cbf7000 r-xp 00000000 08:01 22028890                   /usr/lib/x86_64-linux-gnu/libcairo.so.2.11510.0
7f767cbf7000-7f767cdf6000 ---p 00118000 08:01 22028890                   /usr/lib/x86_64-linux-gnu/libcairo.so.2.11510.0
7f767cdf6000-7f767cdf9000 r--p 00117000 08:01 22028890                   /usr/lib/x86_64-linux-gnu/libcairo.so.2.11510.0
7f767cdf9000-7f767cdfb000 rw-p 0011a000 08:01 22028890                   /usr/lib/x86_64-linux-gnu/libcairo.so.2.11510.0
7f767cdfb000-7f767cdfc000 rw-p 00000000 00:00 0 
7f767cdfc000-7f767ce4e000 r-xp 00000000 08:01 22020461                   /usr/lib/x86_64-linux-gnu/libgobject-2.0.so.0.5600.4
7f767ce4e000-7f767d04e000 ---p 00052000 08:01 22020461                   /usr/lib/x86_64-linux-gnu/libgobject-2.0.so.0.5600.4
7f767d04e000-7f767d04f000 r--p 00052000 08:01 22020461                   /usr/lib/x86_64-linux-gnu/libgobject-2.0.so.0.5600.4
7f767d04f000-7f767d050000 rw-p 00053000 08:01 22020461                   /usr/lib/x86_64-linux-gnu/libgobject-2.0.so.0.5600.4
7f767d050000-7f767d09a000 r-xp 00000000 08:01 22030881                   /usr/lib/x86_64-linux-gnu/libpango-1.0.so.0.4000.14
7f767d09a000-7f767d299000 ---p 0004a000 08:01 22030881                   /usr/lib/x86_64-linux-gnu/libpango-1.0.so.0.4000.14
7f767d299000-7f767d29c000 r--p 00049000 08:01 22030881                   /usr/lib/x86_64-linux-gnu/libpango-1.0.so.0.4000.14
7f767d29c000-7f767d29d000 rw-p 0004c000 08:01 22030881                   /usr/lib/x86_64-linux-gnu/libpango-1.0.so.0.4000.14
7f767d29d000-7f767f29d000 rw-p 00000000 00:00 0 
7f767f2f7000-7f767f3f7000 ---p 00000000 00:00 0 
7f767f3f7000-7f767f403000 r-xp 00000000 08:01 22028547                   /usr/lib/x86_64-linux-gnu/libpangocairo-1.0.so.0.4000.14
7f767f403000-7f767f602000 ---p 0000c000 08:01 22028547                   /usr/lib/x86_64-linux-gnu/libpangocairo-1.0.so.0.4000.14
7f767f602000-7f767f603000 r--p 0000b000 08:01 22028547                   /usr/lib/x86_64-linux-gnu/libpangocairo-1.0.so.0.4000.14
7f767f603000-7f767f604000 rw-p 0000c000 08:01 22028547                   /usr/lib/x86_64-linux-gnu/libpangocairo-1.0.so.0.4000.14
7f767f604000-7f767f635000 r-xp 00000000 08:01 22023387                   /usr/lib/x86_64-linux-gnu/libpng16.so.16.34.0
7f767f635000-7f767f834000 ---p 00031000 08:01 22023387                   /usr/lib/x86_64-linux-gnu/libpng16.so.16.34.0
7f767f834000-7f767f835000 r--p 00030000 08:01 22023387                   /usr/lib/x86_64-linux-gnu/libpng16.so.16.34.0
7f767f835000-7f767f836000 rw-p 00031000 08:01 22023387                   /usr/lib/x86_64-linux-gnu/libpng16.so.16.34.0
7f767f836000-7f767f89d000 r-xp 00000000 08:01 22023009                   /usr/lib/x86_64-linux-gnu/libjpeg.so.8.1.2
7f767f89d000-7f767fa9c000 ---p 00067000 08:01 22023009                   /usr/lib/x86_64-linux-gnu/libjpeg.so.8.1.2
7f767fa9c000-7f767fa9d000 r--p 00066000 08:01 22023009                   /usr/lib/x86_64-linux-gnu/libjpeg.so.8.1.2
7f767fa9d000-7f767fa9e000 rw-p 00067000 08:01 22023009                   /usr/lib/x86_64-linux-gnu/libjpeg.so.8.1.2
7f767fa9e000-7f7681a9e000 rw-p 00000000 00:00 0 
7f7681ab6000-7f7681bb6000 ---p 00000000 00:00 0 
7f7681bb6000-7f7681c29000 r-xp 00000000 08:01 22022060                   /usr/lib/x86_64-linux-gnu/libtiff.so.5.3.0
7f7681c29000-7f7681e28000 ---p 00073000 08:01 22022060                   /usr/lib/x86_64-linux-gnu/libtiff.so.5.3.0
7f7681e28000-7f7681e2c000 r--p 00072000 08:01 22022060                   /usr/lib/x86_64-linux-gnu/libtiff.so.5.3.0
7f7681e2c000-7f7681e2d000 rw-p 00076000 08:01 22022060                   /usr/lib/x86_64-linux-gnu/libtiff.so.5.3.0
7f7681e2d000-7f7681e36000 r-xp 00000000 08:01 22809168                   /usr/lib/R/library/grDevices/libs/cairo.so
7f7681e36000-7f7682035000 ---p 00009000 08:01 22809168                   /usr/lib/R/library/grDevices/libs/cairo.so
7f7682035000-7f7682036000 r--p 00008000 08:01 22809168                   /usr/lib/R/library/grDevices/libs/cairo.so
7f7682036000-7f7682037000 rw-p 00009000 08:01 22809168                   /usr/lib/R/library/grDevices/libs/cairo.so
7f7682037000-7f768203d000 r-xp 00000000 08:01 2885346                    /usr/lib/R/library/pbdZMQ/libs/pbdZMQ.so
7f768203d000-7f768223c000 ---p 00006000 08:01 2885346                    /usr/lib/R/library/pbdZMQ/libs/pbdZMQ.so
7f768223c000-7f768223d000 r--p 00005000 08:01 2885346                    /usr/lib/R/library/pbdZMQ/libs/pbdZMQ.so
7f768223d000-7f768223e000 rw-p 00006000 08:01 2885346                    /usr/lib/R/library/pbdZMQ/libs/pbdZMQ.so
7f768223e000-7f768229f000 rw-p 00000000 00:00 0 
7f768229f000-7f768429f000 rw-p 00000000 00:00 0 
7f76842f6000-7f76842f7000 ---p 00000000 00:00 0 
7f76842f7000-7f76843f8000 rw-p 00000000 00:00 0 
7f76843f8000-7f768446e000 r-xp 00000000 08:01 2885347                    /usr/lib/R/library/pbdZMQ/libs/libzmq.so
7f768446e000-7f768466e000 ---p 00076000 08:01 2885347                    /usr/lib/R/library/pbdZMQ/libs/libzmq.so
7f768466e000-7f7684673000 r--p 00076000 08:01 2885347                    /usr/lib/R/library/pbdZMQ/libs/libzmq.so
7f7684673000-7f7684674000 rw-p 0007b000 08:01 2885347                    /usr/lib/R/library/pbdZMQ/libs/libzmq.so
7f7684674000-7f768467f000 r-xp 00000000 08:01 12849896                   /lib/x86_64-linux-gnu/libnss_files-2.27.so
7f768467f000-7f768487e000 ---p 0000b000 08:01 12849896                   /lib/x86_64-linux-gnu/libnss_files-2.27.so
7f768487e000-7f768487f000 r--p 0000a000 08:01 12849896                   /lib/x86_64-linux-gnu/libnss_files-2.27.so
7f768487f000-7f7684880000 rw-p 0000b000 08:01 12849896                   /lib/x86_64-linux-gnu/libnss_files-2.27.so
7f7684880000-7f7684886000 rw-p 00000000 00:00 0 
7f7684886000-7f768489d000 r-xp 00000000 08:01 12849890                   /lib/x86_64-linux-gnu/libnsl-2.27.so
7f768489d000-7f7684a9c000 ---p 00017000 08:01 12849890                   /lib/x86_64-linux-gnu/libnsl-2.27.so
7f7684a9c000-7f7684a9d000 r--p 00016000 08:01 12849890                   /lib/x86_64-linux-gnu/libnsl-2.27.so
7f7684a9d000-7f7684a9e000 rw-p 00017000 08:01 12849890                   /lib/x86_64-linux-gnu/libnsl-2.27.so
7f7684a9e000-7f7684aa0000 rw-p 00000000 00:00 0 
7f7684aa0000-7f7686aa0000 rw-p 00000000 00:00 0 
7f7686b8b000-7f7686b90000 rw-p 00000000 00:00 0 
7f7686b90000-7f7686c74000 ---p 00000000 00:00 0 
7f7686c74000-7f7686c7f000 r-xp 00000000 08:01 12849907                   /lib/x86_64-linux-gnu/libnss_nis-2.27.so
7f7686c7f000-7f7686e7e000 ---p 0000b000 08:01 12849907                   /lib/x86_64-linux-gnu/libnss_nis-2.27.so
7f7686e7e000-7f7686e7f000 r--p 0000a000 08:01 12849907                   /lib/x86_64-linux-gnu/libnss_nis-2.27.so
7f7686e7f000-7f7686e80000 rw-p 0000b000 08:01 12849907                   /lib/x86_64-linux-gnu/libnss_nis-2.27.so
7f7686e80000-7f7686e88000 r-xp 00000000 08:01 12849892                   /lib/x86_64-linux-gnu/libnss_compat-2.27.so
7f7686e88000-7f7687088000 ---p 00008000 08:01 12849892                   /lib/x86_64-linux-gnu/libnss_compat-2.27.so
7f7687088000-7f7687089000 r--p 00008000 08:01 12849892                   /lib/x86_64-linux-gnu/libnss_compat-2.27.so
7f7687089000-7f768708a000 rw-p 00009000 08:01 12849892                   /lib/x86_64-linux-gnu/libnss_compat-2.27.so
7f768708a000-7f768709f000 r-xp 00000000 08:01 22939767                   /usr/lib/R/library/tools/libs/tools.so
7f768709f000-7f768729f000 ---p 00015000 08:01 22939767                   /usr/lib/R/library/tools/libs/tools.so
7f768729f000-7f76872a0000 r--p 00015000 08:01 22939767                   /usr/lib/R/library/tools/libs/tools.so
7f76872a0000-7f76872a1000 rw-p 00016000 08:01 22939767                   /usr/lib/R/library/tools/libs/tools.so
7f76872a1000-7f76892a1000 rw-p 00000000 00:00 0 
7f7689324000-7f7689329000 rw-p 00000000 00:00 0 
7f7689329000-7f768940d000 ---p 00000000 00:00 0 
7f768940d000-7f768942b000 r-xp 00000000 08:01 25298415                   /usr/local/lib/R/site-library/rlang/libs/rlang.so
7f768942b000-7f768962a000 ---p 0001e000 08:01 25298415                   /usr/local/lib/R/site-library/rlang/libs/rlang.so
7f768962a000-7f768962c000 r--p 0001d000 08:01 25298415                   /usr/local/lib/R/site-library/rlang/libs/rlang.so
7f768962c000-7f768962d000 rw-p 0001f000 08:01 25298415                   /usr/local/lib/R/site-library/rlang/libs/rlang.so
7f768962d000-7f768963b000 r-xp 00000000 08:01 787458                     /usr/lib/R/library/jsonlite/libs/jsonlite.so
7f768963b000-7f768983b000 ---p 0000e000 08:01 787458                     /usr/lib/R/library/jsonlite/libs/jsonlite.so
7f768983b000-7f768983c000 r--p 0000e000 08:01 787458                     /usr/lib/R/library/jsonlite/libs/jsonlite.so
7f768983c000-7f768983d000 rw-p 0000f000 08:01 787458                     /usr/lib/R/library/jsonlite/libs/jsonlite.so
7f768983d000-7f7689898000 r-xp 00000000 08:01 25298538                   /usr/local/lib/R/site-library/Rcpp/libs/Rcpp.so
7f7689898000-7f7689a98000 ---p 0005b000 08:01 25298538                   /usr/local/lib/R/site-library/Rcpp/libs/Rcpp.so
7f7689a98000-7f7689a99000 r--p 0005b000 08:01 25298538                   /usr/local/lib/R/site-library/Rcpp/libs/Rcpp.so
7f7689a99000-7f7689a9a000 rw-p 0005c000 08:01 25298538                   /usr/local/lib/R/site-library/Rcpp/libs/Rcpp.so
7f7689a9a000-7f7689aa2000 rw-p 00000000 00:00 0 
7f7689aa2000-7f768daa2000 rw-p 00000000 00:00 0 
7f768dab4000-7f768dac3000 r-xp 00000000 08:01 787285                     /usr/lib/R/library/htmltools/libs/htmltools.so
7f768dac3000-7f768dcc2000 ---p 0000f000 08:01 787285                     /usr/lib/R/library/htmltools/libs/htmltools.so
7f768dcc2000-7f768dcc3000 r--p 0000e000 08:01 787285                     /usr/lib/R/library/htmltools/libs/htmltools.so
7f768dcc3000-7f768dcc4000 rw-p 0000f000 08:01 787285                     /usr/lib/R/library/htmltools/libs/htmltools.so
7f768dcc4000-7f768dcc7000 r-xp 00000000 08:01 921563                     /usr/lib/R/library/base64enc/libs/base64enc.so
7f768dcc7000-7f768dec6000 ---p 00003000 08:01 921563                     /usr/lib/R/library/base64enc/libs/base64enc.so
7f768dec6000-7f768dec7000 r--p 00002000 08:01 921563                     /usr/lib/R/library/base64enc/libs/base64enc.so
7f768dec7000-7f768dec8000 rw-p 00003000 08:01 921563                     /usr/lib/R/library/base64enc/libs/base64enc.so
7f768dec8000-7f768deca000 rw-p 00000000 00:00 0 
7f768deca000-7f768decd000 r-xp 00000000 08:01 2885417                    /usr/lib/R/library/uuid/libs/uuid.so
7f768decd000-7f768e0cc000 ---p 00003000 08:01 2885417                    /usr/lib/R/library/uuid/libs/uuid.so
7f768e0cc000-7f768e0cd000 r--p 00002000 08:01 2885417                    /usr/lib/R/library/uuid/libs/uuid.so
7f768e0cd000-7f768e0ce000 rw-p 00003000 08:01 2885417                    /usr/lib/R/library/uuid/libs/uuid.so
7f768e0ce000-7f768e0eb000 r-xp 00000000 08:01 25298299                   /usr/local/lib/R/site-library/digest/libs/digest.so
7f768e0eb000-7f768e2ea000 ---p 0001d000 08:01 25298299                   /usr/local/lib/R/site-library/digest/libs/digest.so
7f768e2ea000-7f768e2eb000 r--p 0001c000 08:01 25298299                   /usr/local/lib/R/site-library/digest/libs/digest.so
7f768e2eb000-7f768e2ec000 rw-p 0001d000 08:01 25298299                   /usr/local/lib/R/site-library/digest/libs/digest.so
7f768e2ec000-7f768e2ee000 rw-p 00000000 00:00 0 
7f768e2ee000-7f768e972000 r-xp 00000000 08:01 22152790                   /usr/lib/x86_64-linux-gnu/openblas/liblapack.so.3
7f768e972000-7f768eb71000 ---p 00684000 08:01 22152790                   /usr/lib/x86_64-linux-gnu/openblas/liblapack.so.3
7f768eb71000-7f768eb72000 r--p 00683000 08:01 22152790                   /usr/lib/x86_64-linux-gnu/openblas/liblapack.so.3
7f768eb72000-7f768eb74000 rw-p 00684000 08:01 22152790                   /usr/lib/x86_64-linux-gnu/openblas/liblapack.so.3
7f768eb74000-7f768ec17000 r-xp 00000000 08:01 22939005                   /usr/lib/R/library/stats/libs/stats.so
7f768ec17000-7f768ee17000 ---p 000a3000 08:01 22939005                   /usr/lib/R/library/stats/libs/stats.so
7f768ee17000-7f768ee19000 r--p 000a3000 08:01 22939005                   /usr/lib/R/library/stats/libs/stats.so
7f768ee19000-7f768ee1a000 rw-p 000a5000 08:01 22939005                   /usr/lib/R/library/stats/libs/stats.so
7f768ee1a000-7f768ee1b000 rw-p 00000000 00:00 0 
7f768ee1b000-7f768ee65000 r-xp 00000000 08:01 22809209                   /usr/lib/R/library/graphics/libs/graphics.so
7f768ee65000-7f768f065000 ---p 0004a000 08:01 22809209                   /usr/lib/R/library/graphics/libs/graphics.so
7f768f065000-7f768f066000 r--p 0004a000 08:01 22809209                   /usr/lib/R/library/graphics/libs/graphics.so
7f768f066000-7f768f067000 rw-p 0004b000 08:01 22809209                   /usr/lib/R/library/graphics/libs/graphics.so
7f768f067000-7f768f09e000 r-xp 00000000 08:01 22809169                   /usr/lib/R/library/grDevices/libs/grDevices.so
7f768f09e000-7f768f29d000 ---p 00037000 08:01 22809169                   /usr/lib/R/library/grDevices/libs/grDevices.so
7f768f29d000-7f768f2a2000 r--p 00036000 08:01 22809169                   /usr/lib/R/library/grDevices/libs/grDevices.so
7f768f2a2000-7f768f2a4000 rw-p 0003b000 08:01 22809169                   /usr/lib/R/library/grDevices/libs/grDevices.so
7f768f2a4000-7f768f2a5000 rw-p 00000000 00:00 0 
7f768f2a5000-7f768f2e4000 r-xp 00000000 08:01 22024871                   /usr/lib/x86_64-linux-gnu/libquadmath.so.0.0.0
7f768f2e4000-7f768f4e3000 ---p 0003f000 08:01 22024871                   /usr/lib/x86_64-linux-gnu/libquadmath.so.0.0.0
7f768f4e3000-7f768f4e4000 r--p 0003e000 08:01 22024871                   /usr/lib/x86_64-linux-gnu/libquadmath.so.0.0.0
7f768f4e4000-7f768f4e5000 rw-p 0003f000 08:01 22024871                   /usr/lib/x86_64-linux-gnu/libquadmath.so.0.0.0
7f768f4e5000-7f768f6c1000 r-xp 00000000 08:01 22034262                   /usr/lib/x86_64-linux-gnu/libgfortran.so.4.0.0
7f768f6c1000-7f768f8c1000 ---p 001dc000 08:01 22034262                   /usr/lib/x86_64-linux-gnu/libgfortran.so.4.0.0
7f768f8c1000-7f768f8c2000 r--p 001dc000 08:01 22034262                   /usr/lib/x86_64-linux-gnu/libgfortran.so.4.0.0
7f768f8c2000-7f768f8c3000 rw-p 001dd000 08:01 22034262                   /usr/lib/x86_64-linux-gnu/libgfortran.so.4.0.0
7f768f8c3000-7f768f8c4000 rw-p 00000000 00:00 0 
7f768f8c4000-7f768f8db000 r-xp 00000000 08:01 12845062                   /lib/x86_64-linux-gnu/libgcc_s.so.1
7f768f8db000-7f768fada000 ---p 00017000 08:01 12845062                   /lib/x86_64-linux-gnu/libgcc_s.so.1
7f768fada000-7f768fadb000 r--p 00016000 08:01 12845062                   /lib/x86_64-linux-gnu/libgcc_s.so.1
7f768fadb000-7f768fadc000 rw-p 00017000 08:01 12845062                   /lib/x86_64-linux-gnu/libgcc_s.so.1
7f768fadc000-7f768fc55000 r-xp 00000000 08:01 22022767                   /usr/lib/x86_64-linux-gnu/libstdc++.so.6.0.25
7f768fc55000-7f768fe55000 ---p 00179000 08:01 22022767                   /usr/lib/x86_64-linux-gnu/libstdc++.so.6.0.25
7f768fe55000-7f768fe5f000 r--p 00179000 08:01 22022767                   /usr/lib/x86_64-linux-gnu/libstdc++.so.6.0.25
7f768fe5f000-7f768fe61000 rw-p 00183000 08:01 22022767                   /usr/lib/x86_64-linux-gnu/libstdc++.so.6.0.25
7f768fe61000-7f768fe65000 rw-p 00000000 00:00 0 
7f768fe65000-7f769180d000 r-xp 00000000 08:01 22028331                   /usr/lib/x86_64-linux-gnu/libicudata.so.60.2
7f769180d000-7f7691a0c000 ---p 019a8000 08:01 22028331                   /usr/lib/x86_64-linux-gnu/libicudata.so.60.2
7f7691a0c000-7f7691a0d000 r--p 019a7000 08:01 22028331                   /usr/lib/x86_64-linux-gnu/libicudata.so.60.2
7f7691a0d000-7f7691a0e000 rw-p 019a8000 08:01 22028331                   /usr/lib/x86_64-linux-gnu/libicudata.so.60.2
7f7691a0e000-7f7691a33000 r-xp 00000000 08:01 12849964                   /lib/x86_64-linux-gnu/libtinfo.so.5.9
7f7691a33000-7f7691c33000 ---p 00025000 08:01 12849964                   /lib/x86_64-linux-gnu/libtinfo.so.5.9
7f7691c33000-7f7691c37000 r--p 00025000 08:01 12849964                   /lib/x86_64-linux-gnu/libtinfo.so.5.9
7f7691c37000-7f7691c38000 rw-p 00029000 08:01 12849964                   /lib/x86_64-linux-gnu/libtinfo.so.5.9
7f7691c38000-7f7693cad000 r-xp 00000000 08:01 22034358                   /usr/lib/x86_64-linux-gnu/libopenblasp-r0.2.20.so
7f7693cad000-7f7693eac000 ---p 02075000 08:01 22034358                   /usr/lib/x86_64-linux-gnu/libopenblasp-r0.2.20.so
7f7693eac000-7f7693eb2000 r--p 02074000 08:01 22034358                   /usr/lib/x86_64-linux-gnu/libopenblasp-r0.2.20.so
7f7693eb2000-7f7693ec5000 rw-p 0207a000 08:01 22034358                   /usr/lib/x86_64-linux-gnu/libopenblasp-r0.2.20.so
7f7693ec5000-7f7693ede000 rw-p 00000000 00:00 0 
7f7693ede000-7f7693ef8000 r-xp 00000000 08:01 12849939                   /lib/x86_64-linux-gnu/libpthread-2.27.so
7f7693ef8000-7f76940f7000 ---p 0001a000 08:01 12849939                   /lib/x86_64-linux-gnu/libpthread-2.27.so
7f76940f7000-7f76940f8000 r--p 00019000 08:01 12849939                   /lib/x86_64-linux-gnu/libpthread-2.27.so
7f76940f8000-7f76940f9000 rw-p 0001a000 08:01 12849939                   /lib/x86_64-linux-gnu/libpthread-2.27.so
7f76940f9000-7f76940fd000 rw-p 00000000 00:00 0 
7f76940fd000-7f769412b000 r-xp 00000000 08:01 22023382                   /usr/lib/x86_64-linux-gnu/libgomp.so.1.0.0
7f769412b000-7f769432a000 ---p 0002e000 08:01 22023382                   /usr/lib/x86_64-linux-gnu/libgomp.so.1.0.0
7f769432a000-7f769432b000 r--p 0002d000 08:01 22023382                   /usr/lib/x86_64-linux-gnu/libgomp.so.1.0.0
7f769432b000-7f769432c000 rw-p 0002e000 08:01 22023382                   /usr/lib/x86_64-linux-gnu/libgomp.so.1.0.0
7f769432c000-7f76945be000 r-xp 00000000 08:01 22028333                   /usr/lib/x86_64-linux-gnu/libicui18n.so.60.2
7f76945be000-7f76947bd000 ---p 00292000 08:01 22028333                   /usr/lib/x86_64-linux-gnu/libicui18n.so.60.2
7f76947bd000-7f76947cc000 r--p 00291000 08:01 22028333                   /usr/lib/x86_64-linux-gnu/libicui18n.so.60.2
7f76947cc000-7f76947cd000 rw-p 002a0000 08:01 22028333                   /usr/lib/x86_64-linux-gnu/libicui18n.so.60.2
7f76947cd000-7f7694970000 r-xp 00000000 08:01 22028341                   /usr/lib/x86_64-linux-gnu/libicuuc.so.60.2
7f7694970000-7f7694b6f000 ---p 001a3000 08:01 22028341                   /usr/lib/x86_64-linux-gnu/libicuuc.so.60.2
7f7694b6f000-7f7694b82000 r--p 001a2000 08:01 22028341                   /usr/lib/x86_64-linux-gnu/libicuuc.so.60.2
7f7694b82000-7f7694b83000 rw-p 001b5000 08:01 22028341                   /usr/lib/x86_64-linux-gnu/libicuuc.so.60.2
7f7694b83000-7f7694b84000 rw-p 00000000 00:00 0 
7f7694b84000-7f7694b87000 r-xp 00000000 08:01 12849829                   /lib/x86_64-linux-gnu/libdl-2.27.so
7f7694b87000-7f7694d86000 ---p 00003000 08:01 12849829                   /lib/x86_64-linux-gnu/libdl-2.27.so
7f7694d86000-7f7694d87000 r--p 00002000 08:01 12849829                   /lib/x86_64-linux-gnu/libdl-2.27.so
7f7694d87000-7f7694d88000 rw-p 00003000 08:01 12849829                   /lib/x86_64-linux-gnu/libdl-2.27.so
7f7694d88000-7f7694d8f000 r-xp 00000000 08:01 12849947                   /lib/x86_64-linux-gnu/librt-2.27.so
7f7694d8f000-7f7694f8e000 ---p 00007000 08:01 12849947                   /lib/x86_64-linux-gnu/librt-2.27.so
7f7694f8e000-7f7694f8f000 r--p 00006000 08:01 12849947                   /lib/x86_64-linux-gnu/librt-2.27.so
7f7694f8f000-7f7694f90000 rw-p 00007000 08:01 12849947                   /lib/x86_64-linux-gnu/librt-2.27.so
7f7694f90000-7f7694fac000 r-xp 00000000 08:01 12849978                   /lib/x86_64-linux-gnu/libz.so.1.2.11
7f7694fac000-7f76951ab000 ---p 0001c000 08:01 12849978                   /lib/x86_64-linux-gnu/libz.so.1.2.11
7f76951ab000-7f76951ac000 r--p 0001b000 08:01 12849978                   /lib/x86_64-linux-gnu/libz.so.1.2.11
7f76951ac000-7f76951ad000 rw-p 0001c000 08:01 12849978                   /lib/x86_64-linux-gnu/libz.so.1.2.11
7f76951ad000-7f76951bc000 r-xp 00000000 08:01 12845072                   /lib/x86_64-linux-gnu/libbz2.so.1.0.4
7f76951bc000-7f76953bb000 ---p 0000f000 08:01 12845072                   /lib/x86_64-linux-gnu/libbz2.so.1.0.4
7f76953bb000-7f76953bc000 r--p 0000e000 08:01 12845072                   /lib/x86_64-linux-gnu/libbz2.so.1.0.4
7f76953bc000-7f76953bd000 rw-p 0000f000 08:01 12845072                   /lib/x86_64-linux-gnu/libbz2.so.1.0.4
7f76953bd000-7f76953e1000 r-xp 00000000 08:01 12849866                   /lib/x86_64-linux-gnu/liblzma.so.5.2.2
7f76953e1000-7f76955e1000 ---p 00024000 08:01 12849866                   /lib/x86_64-linux-gnu/liblzma.so.5.2.2
7f76955e1000-7f76955e2000 r--p 00024000 08:01 12849866                   /lib/x86_64-linux-gnu/liblzma.so.5.2.2
7f76955e2000-7f76955e3000 rw-p 00025000 08:01 12849866                   /lib/x86_64-linux-gnu/liblzma.so.5.2.2
7f76955e3000-7f7695653000 r-xp 00000000 08:01 12849928                   /lib/x86_64-linux-gnu/libpcre.so.3.13.3
7f7695653000-7f7695853000 ---p 00070000 08:01 12849928                   /lib/x86_64-linux-gnu/libpcre.so.3.13.3
7f7695853000-7f7695854000 r--p 00070000 08:01 12849928                   /lib/x86_64-linux-gnu/libpcre.so.3.13.3
7f7695854000-7f7695855000 rw-p 00071000 08:01 12849928                   /lib/x86_64-linux-gnu/libpcre.so.3.13.3
7f7695855000-7f7695896000 r-xp 00000000 08:01 12849944                   /lib/x86_64-linux-gnu/libreadline.so.7.0
7f7695896000-7f7695a95000 ---p 00041000 08:01 12849944                   /lib/x86_64-linux-gnu/libreadline.so.7.0
7f7695a95000-7f7695a97000 r--p 00040000 08:01 12849944                   /lib/x86_64-linux-gnu/libreadline.so.7.0
7f7695a97000-7f7695a9d000 rw-p 00042000 08:01 12849944                   /lib/x86_64-linux-gnu/libreadline.so.7.0
7f7695a9d000-7f7695a9e000 rw-p 00000000 00:00 0 
7f7695a9e000-7f7695c3b000 r-xp 00000000 08:01 12849869                   /lib/x86_64-linux-gnu/libm-2.27.so
7f7695c3b000-7f7695e3a000 ---p 0019d000 08:01 12849869                   /lib/x86_64-linux-gnu/libm-2.27.so
7f7695e3a000-7f7695e3b000 r--p 0019c000 08:01 12849869                   /lib/x86_64-linux-gnu/libm-2.27.so
7f7695e3b000-7f7695e3c000 rw-p 0019d000 08:01 12849869                   /lib/x86_64-linux-gnu/libm-2.27.so
7f7695e3c000-7f7695e92000 r-xp 00000000 08:01 22152789                   /usr/lib/x86_64-linux-gnu/openblas/libblas.so.3
7f7695e92000-7f7696091000 ---p 00056000 08:01 22152789                   /usr/lib/x86_64-linux-gnu/openblas/libblas.so.3
7f7696091000-7f7696096000 r--p 00055000 08:01 22152789                   /usr/lib/x86_64-linux-gnu/openblas/libblas.so.3
7f7696096000-7f7696097000 rw-p 0005a000 08:01 22152789                   /usr/lib/x86_64-linux-gnu/openblas/libblas.so.3
7f7696097000-7f769627e000 r-xp 00000000 08:01 12849806                   /lib/x86_64-linux-gnu/libc-2.27.so
7f769627e000-7f769647e000 ---p 001e7000 08:01 12849806                   /lib/x86_64-linux-gnu/libc-2.27.so
7f769647e000-7f7696482000 r--p 001e7000 08:01 12849806                   /lib/x86_64-linux-gnu/libc-2.27.so
7f7696482000-7f7696484000 rw-p 001eb000 08:01 12849806                   /lib/x86_64-linux-gnu/libc-2.27.so
7f7696484000-7f7696488000 rw-p 00000000 00:00 0 
7f7696488000-7f7696791000 r-xp 00000000 08:01 22288065                   /usr/lib/R/lib/libR.so
7f7696791000-7f7696990000 ---p 00309000 08:01 22288065                   /usr/lib/R/lib/libR.so
7f7696990000-7f76969ae000 r--p 00308000 08:01 22288065                   /usr/lib/R/lib/libR.so
7f76969ae000-7f76969b9000 rw-p 00326000 08:01 22288065                   /usr/lib/R/lib/libR.so
7f76969b9000-7f7696b0b000 rw-p 00000000 00:00 0 
7f7696b0b000-7f7696b32000 r-xp 00000000 08:01 12849778                   /lib/x86_64-linux-gnu/ld-2.27.so
7f7696b82000-7f7696bb9000 rw-p 00000000 00:00 0 
7f7696bb9000-7f7696bc3000 ---p 00000000 00:00 0 
7f7696bc3000-7f7696d15000 rw-p 00000000 00:00 0 
7f7696d1d000-7f7696d1f000 r--s 00007000 08:01 22420049                   /usr/share/java/java-atk-wrapper.jar
7f7696d1f000-7f7696d27000 rw-s 00000000 08:01 4984565                    /tmp/hsperfdata_dsuser06/5585
7f7696d27000-7f7696d28000 ---p 00000000 00:00 0 
7f7696d28000-7f7696d29000 r--p 00000000 00:00 0 
7f7696d29000-7f7696d30000 r--s 00000000 08:01 22285294                   /usr/lib/x86_64-linux-gnu/gconv/gconv-modules.cache
7f7696d30000-7f7696d32000 rw-p 00000000 00:00 0 
7f7696d32000-7f7696d33000 r--p 00027000 08:01 12849778                   /lib/x86_64-linux-gnu/ld-2.27.so
7f7696d33000-7f7696d34000 rw-p 00028000 08:01 12849778                   /lib/x86_64-linux-gnu/ld-2.27.so
7f7696d34000-7f7696d35000 rw-p 00000000 00:00 0 
7ffd61eda000-7ffd61fd6000 rw-p 00000000 00:00 0                          [stack]
7ffd61fdd000-7ffd61fe0000 r--p 00000000 00:00 0                          [vvar]
7ffd61fe0000-7ffd61fe2000 r-xp 00000000 00:00 0                          [vdso]
ffffffffff600000-ffffffffff601000 r-xp 00000000 00:00 0                  [vsyscall]


VM Arguments:
jvm_args: -Xmx512m -Xrs vfprintf exit -XX:+UnlockExperimentalVMOptions -XX:+DisablePrimordialThreadGuardPages 
java_command: <unknown>
java_class_path (initial): /usr/lib/R/library/rJava/java/boot
Launcher Type: generic

[Global flags]
     intx CICompilerCount                          = 12                                        {product} {ergonomic}
     uint ConcGCThreads                            = 3                                         {product} {ergonomic}
     bool DisablePrimordialThreadGuardPages        = true                                 {experimental} {command line}
     uint G1ConcRefinementThreads                  = 13                                        {product} {ergonomic}
   size_t G1HeapRegionSize                         = 1048576                                   {product} {ergonomic}
    uintx GCDrainStackTargetSize                   = 64                                        {product} {ergonomic}
   size_t InitialHeapSize                          = 264241152                                 {product} {ergonomic}
   size_t MarkStackSize                            = 4194304                                   {product} {ergonomic}
   size_t MaxHeapSize                              = 536870912                                 {product} {command line}
   size_t MinHeapDeltaBytes                        = 1048576                                   {product} {ergonomic}
    uintx NonNMethodCodeHeapSize                   = 7594288                                {pd product} {ergonomic}
    uintx NonProfiledCodeHeapSize                  = 122031976                              {pd product} {ergonomic}
    uintx ProfiledCodeHeapSize                     = 122031976                              {pd product} {ergonomic}
     bool ReduceSignalUsage                        = true                                      {product} {command line}
    uintx ReservedCodeCacheSize                    = 251658240                              {pd product} {ergonomic}
     bool SegmentedCodeCache                       = true                                      {product} {ergonomic}
     bool UnlockExperimentalVMOptions              = true                                 {experimental} {command line}
     bool UseCompressedClassPointers               = true                                 {lp64_product} {ergonomic}
     bool UseCompressedOops                        = true                                 {lp64_product} {ergonomic}
     bool UseG1GC                                  = true                                      {product} {ergonomic}

Logging:
Log output configuration:
 #0: stdout all=warning uptime,level,tags
 #1: stderr all=off uptime,level,tags

Environment Variables:
PATH=/usr/local/sbin:/usr/local/bin:/usr/sbin:/usr/bin:/sbin:/bin:/usr/games:/usr/local/games:/snap/bin
LD_LIBRARY_PATH=/usr/lib/R/lib:/usr/lib/x86_64-linux-gnu:/usr/lib/jvm/default-java/lib/server
SHELL=/bin/bash

Signal Handlers:
SIGSEGV: [libjvm.so+0xdeda70], sa_mask[0]=11111111011111111101111111111110, sa_flags=SA_RESTART|SA_SIGINFO
SIGBUS: [libjvm.so+0xdeda70], sa_mask[0]=11111111011111111101111111111110, sa_flags=SA_RESTART|SA_SIGINFO
SIGFPE: [libjvm.so+0xdeda70], sa_mask[0]=11111111011111111101111111111110, sa_flags=SA_RESTART|SA_SIGINFO
SIGPIPE: [libjvm.so+0xbc3040], sa_mask[0]=11111111011111111101111111111110, sa_flags=SA_RESTART|SA_SIGINFO
SIGXFSZ: [libjvm.so+0xbc3040], sa_mask[0]=11111111011111111101111111111110, sa_flags=SA_RESTART|SA_SIGINFO
SIGILL: [libjvm.so+0xdeda70], sa_mask[0]=11111111011111111101111111111110, sa_flags=SA_RESTART|SA_SIGINFO
SIGUSR2: [libjvm.so+0xbc2ee0], sa_mask[0]=00000000000000000000000000000000, sa_flags=SA_RESTART|SA_SIGINFO
SIGHUP: SIG_DFL, sa_mask[0]=00000000000000000000000000000000, sa_flags=none
SIGINT: [libR.so+0x169640], sa_mask[0]=01000000000000000000000000000000, sa_flags=SA_RESTART
SIGTERM: SIG_DFL, sa_mask[0]=00000000000000000000000000000000, sa_flags=none
SIGQUIT: SIG_DFL, sa_mask[0]=00000000000000000000000000000000, sa_flags=none


---------------  S Y S T E M  ---------------

OS:DISTRIB_ID=Ubuntu
DISTRIB_RELEASE=18.04
DISTRIB_CODENAME=bionic
DISTRIB_DESCRIPTION="Ubuntu 18.04.3 LTS"
uname:Linux 4.15.0-74-generic #84-Ubuntu SMP Thu Dec 19 08:06:28 UTC 2019 x86_64
libc:glibc 2.27 NPTL 2.27 
rlimit: STACK 8192k, CORE 0k, NPROC 63974, NOFILE 1048576, AS infinity, DATA infinity, FSIZE infinity
load average:2.46 2.19 3.75

/proc/meminfo:
MemTotal:       16422328 kB
MemFree:          235704 kB
MemAvailable:      28092 kB
Buffers:           22508 kB
Cached:           263256 kB
SwapCached:        16740 kB
Active:         11680972 kB
Inactive:        3992484 kB
Active(anon):   11601044 kB
Inactive(anon):  3858268 kB
Active(file):      79928 kB
Inactive(file):   134216 kB
Unevictable:          64 kB
Mlocked:              64 kB
SwapTotal:       2097148 kB
SwapFree:              0 kB
Dirty:               156 kB
Writeback:             0 kB
AnonPages:      15371748 kB
Mapped:           166404 kB
Shmem:             71316 kB
Slab:             181400 kB
SReclaimable:      69928 kB
SUnreclaim:       111472 kB
KernelStack:       31824 kB
PageTables:       139712 kB
NFS_Unstable:          0 kB
Bounce:                0 kB
WritebackTmp:          0 kB
CommitLimit:    10308312 kB
Committed_AS:   48272048 kB
VmallocTotal:   34359738367 kB
VmallocUsed:           0 kB
VmallocChunk:          0 kB
HardwareCorrupted:     0 kB
AnonHugePages:         0 kB
ShmemHugePages:        0 kB
ShmemPmdMapped:        0 kB
CmaTotal:              0 kB
CmaFree:               0 kB
HugePages_Total:       0
HugePages_Free:        0
HugePages_Rsvd:        0
HugePages_Surp:        0
Hugepagesize:       2048 kB
DirectMap4k:      516032 kB
DirectMap2M:    16261120 kB
DirectMap1G:     2097152 kB


/proc/sys/kernel/threads-max (system-wide limit on the number of threads):
127949


/proc/sys/vm/max_map_count (maximum number of memory map areas a process may have):
65530


/proc/sys/kernel/pid_max (system-wide limit on number of process identifiers):
32768



container (cgroup) information:
container_type: cgroupv1
cpu_cpuset_cpus: 0-15
cpu_memory_nodes: 0-7
active_processor_count: 16
cpu_quota: -1
cpu_period: 100000
cpu_shares: -1
memory_limit_in_bytes: -1
memory_and_swap_limit_in_bytes: -2
memory_soft_limit_in_bytes: -1
memory_usage_in_bytes: 16036859904
memory_max_usage_in_bytes: 18589974528

VMWare virtualization detected
Steal ticks since vm start: 0
Steal ticks percentage since vm start:  0.000

CPU:total 16 (initial active 16) (2 cores per cpu, 1 threads per core) family 6 model 79 stepping 1, cmov, cx8, fxsr, mmx, sse, sse2, sse3, ssse3, sse4.1, sse4.2, popcnt, avx, avx2, aes, clmul, erms, rtm, 3dnowpref, lzcnt, tsc, tscinvbit, bmi1, bmi2, adx, fma
CPU Model and flags from /proc/cpuinfo:
model name	: Intel(R) Xeon(R) CPU E5-2630 v4 @ 2.20GHz
flags		: fpu vme de pse tsc msr pae mce cx8 apic sep mtrr pge mca cmov pat pse36 clflush dts mmx fxsr sse sse2 ss ht syscall nx pdpe1gb rdtscp lm constant_tsc arch_perfmon pebs bts nopl xtopology tsc_reliable nonstop_tsc cpuid pni pclmulqdq ssse3 fma cx16 pcid sse4_1 sse4_2 x2apic movbe popcnt tsc_deadline_timer aes xsave avx f16c rdrand hypervisor lahf_lm abm 3dnowprefetch cpuid_fault invpcid_single pti ssbd ibrs ibpb stibp fsgsbase tsc_adjust bmi1 hle avx2 smep bmi2 invpcid rtm rdseed adx smap xsaveopt arat flush_l1d arch_capabilities

Memory: 4k page, physical 16422328k(235704k free), swap 2097148k(0k free)

vm_info: OpenJDK 64-Bit Server VM (11.0.5+10-post-Ubuntu-0ubuntu1.118.04) for linux-amd64 JRE (11.0.5+10-post-Ubuntu-0ubuntu1.118.04), built on Oct 16 2019 22:01:07 by "buildd" with gcc 7.4.0

END.
